2025-07-16 15:06:29.275 INFO  config.com.akine.mytrain.member.MemberApplication                :51   [32m                  [0;39m Starting MemberApplication using Java 17.0.15 with PID 13996 (E:\Project\mytrain\member\target\classes started by 29236 in E:\Project\mytrain)
2025-07-16 15:06:29.276 INFO  config.com.akine.mytrain.member.MemberApplication                :633  [32m                  [0;39m No active profile set, falling back to 1 default profile: "default"
2025-07-16 15:06:29.434 INFO  o.springframework.cloud.context.scope.GenericScope:282  [32m                  [0;39m BeanFactory id=5a9ca54a-0fce-3f2a-8e64-32310da72fb0
2025-07-16 15:06:29.473 INFO  o.s.boot.web.embedded.tomcat.TomcatWebServer      :108  [32m                  [0;39m Tomcat initialized with port(s): 8001 (http)
2025-07-16 15:06:29.475 INFO  org.apache.catalina.core.StandardService          :173  [32m                  [0;39m Starting service [Tomcat]
2025-07-16 15:06:29.476 INFO  org.apache.catalina.core.StandardEngine           :173  [32m                  [0;39m Starting Servlet engine: [Apache Tomcat/10.1.16]
2025-07-16 15:06:29.530 INFO  o.a.c.c.C.[Tomcat].[localhost].[/member]          :173  [32m                  [0;39m Initializing Spring embedded WebApplicationContext
2025-07-16 15:06:29.530 INFO  o.s.b.w.s.c.ServletWebServerApplicationContext    :291  [32m                  [0;39m Root WebApplicationContext: initialization completed in 251 ms
2025-07-16 15:06:29.596 INFO  o.s.b.d.autoconfigure.OptionalLiveReloadServer    :59   [32m                  [0;39m LiveReload server is running on port 35729
2025-07-16 15:06:29.914 INFO  o.s.boot.web.embedded.tomcat.TomcatWebServer      :220  [32m                  [0;39m Tomcat started on port(s): 8001 (http) with context path '/member'
2025-07-16 15:06:30.198 INFO  config.com.akine.mytrain.member.MemberApplication                :57   [32m                  [0;39m Started MemberApplication in 1.409 seconds (process running for 289.737)
2025-07-16 15:06:30.199 INFO  o.s.b.d.a.ConditionEvaluationDeltaLoggingListener :63   [32m                  [0;39m Condition evaluation unchanged
2025-07-16 15:06:30.200 INFO  config.com.akine.mytrain.member.MemberApplication                :19   [32m                  [0;39m 启动成功！
2025-07-16 15:06:30.200 INFO  config.com.akine.mytrain.member.MemberApplication                :20   [32m                  [0;39m 地址:	http://127.0.0.1:8001
2025-07-16 15:14:17.876 INFO  config.com.akine.mytrain.member.MemberApplication                :51   [32m                  [0;39m Starting MemberApplication using Java 17.0.15 with PID 33076 (E:\Project\mytrain\member\target\classes started by 29236 in E:\Project\mytrain)
2025-07-16 15:14:17.879 INFO  config.com.akine.mytrain.member.MemberApplication                :633  [32m                  [0;39m No active profile set, falling back to 1 default profile: "default"
2025-07-16 15:14:17.937 INFO  o.s.b.d.env.DevToolsPropertyDefaultsPostProcessor :250  [32m                  [0;39m Devtools property defaults active! Set 'spring.devtools.add-properties' to 'false' to disable
2025-07-16 15:14:17.937 INFO  o.s.b.d.env.DevToolsPropertyDefaultsPostProcessor :250  [32m                  [0;39m For additional web related logging consider setting the 'logging.level.web' property to 'DEBUG'
2025-07-16 15:14:18.580 INFO  o.springframework.cloud.context.scope.GenericScope:282  [32m                  [0;39m BeanFactory id=5a9ca54a-0fce-3f2a-8e64-32310da72fb0
2025-07-16 15:14:19.128 INFO  o.s.boot.web.embedded.tomcat.TomcatWebServer      :108  [32m                  [0;39m Tomcat initialized with port(s): 8001 (http)
2025-07-16 15:14:19.138 INFO  org.apache.coyote.http11.Http11NioProtocol        :173  [32m                  [0;39m Initializing ProtocolHandler ["http-nio-8001"]
2025-07-16 15:14:19.141 INFO  org.apache.catalina.core.StandardService          :173  [32m                  [0;39m Starting service [Tomcat]
2025-07-16 15:14:19.141 INFO  org.apache.catalina.core.StandardEngine           :173  [32m                  [0;39m Starting Servlet engine: [Apache Tomcat/10.1.16]
2025-07-16 15:14:19.247 INFO  o.a.c.c.C.[Tomcat].[localhost].[/member]          :173  [32m                  [0;39m Initializing Spring embedded WebApplicationContext
2025-07-16 15:14:19.247 INFO  o.s.b.w.s.c.ServletWebServerApplicationContext    :291  [32m                  [0;39m Root WebApplicationContext: initialization completed in 1309 ms
2025-07-16 15:14:19.608 INFO  o.s.b.d.autoconfigure.OptionalLiveReloadServer    :59   [32m                  [0;39m LiveReload server is running on port 35729
2025-07-16 15:14:19.935 INFO  org.apache.coyote.http11.Http11NioProtocol        :173  [32m                  [0;39m Starting ProtocolHandler ["http-nio-8001"]
2025-07-16 15:14:19.962 INFO  o.s.boot.web.embedded.tomcat.TomcatWebServer      :220  [32m                  [0;39m Tomcat started on port(s): 8001 (http) with context path '/member'
2025-07-16 15:14:20.228 INFO  config.com.akine.mytrain.member.MemberApplication                :57   [32m                  [0;39m Started MemberApplication in 3.127 seconds (process running for 3.902)
2025-07-16 15:14:20.233 INFO  config.com.akine.mytrain.member.MemberApplication                :19   [32m                  [0;39m 启动成功！
2025-07-16 15:14:20.234 INFO  config.com.akine.mytrain.member.MemberApplication                :20   [32m                  [0;39m 地址:	http://127.0.0.1:8001
2025-07-16 15:16:38.289 INFO  o.a.c.c.C.[Tomcat].[localhost].[/member]          :173  [32m                  [0;39m Initializing Spring DispatcherServlet 'dispatcherServlet'
2025-07-16 15:16:38.290 INFO  org.springframework.web.servlet.DispatcherServlet :532  [32m                  [0;39m Initializing Servlet 'dispatcherServlet'
2025-07-16 15:16:38.290 INFO  org.springframework.web.servlet.DispatcherServlet :554  [32m                  [0;39m Completed initialization in 0 ms
2025-07-16 15:21:15.140 INFO  o.s.b.d.a.LocalDevToolsAutoConfiguration$RestartingClassPathChangeChangedEventListener:211  [32m                  [0;39m Restarting due to 1 class path change (0 additions, 1 deletion, 0 modifications)
2025-07-16 15:21:15.165 INFO  org.apache.coyote.http11.Http11NioProtocol        :173  [32m                  [0;39m Pausing ProtocolHandler ["http-nio-8001"]
2025-07-16 15:21:15.166 INFO  org.apache.catalina.core.StandardService          :173  [32m                  [0;39m Stopping service [Tomcat]
2025-07-16 15:21:15.167 INFO  o.a.c.c.C.[Tomcat].[localhost].[/member]          :173  [32m                  [0;39m Destroying Spring FrameworkServlet 'dispatcherServlet'
2025-07-16 15:21:15.173 INFO  org.apache.coyote.http11.Http11NioProtocol        :173  [32m                  [0;39m Stopping ProtocolHandler ["http-nio-8001"]
2025-07-16 15:21:15.175 INFO  org.apache.coyote.http11.Http11NioProtocol        :173  [32m                  [0;39m Destroying ProtocolHandler ["http-nio-8001"]
2025-07-16 15:21:15.558 INFO  config.com.akine.mytrain.member.MemberApplication                :51   [32m                  [0;39m Starting MemberApplication using Java 17.0.15 with PID 33076 (E:\Project\mytrain\member\target\classes started by 29236 in E:\Project\mytrain)
2025-07-16 15:21:15.560 INFO  config.com.akine.mytrain.member.MemberApplication                :633  [32m                  [0;39m No active profile set, falling back to 1 default profile: "default"
2025-07-16 15:21:15.737 INFO  o.springframework.cloud.context.scope.GenericScope:282  [32m                  [0;39m BeanFactory id=5a9ca54a-0fce-3f2a-8e64-32310da72fb0
2025-07-16 15:21:15.787 INFO  o.s.boot.web.embedded.tomcat.TomcatWebServer      :108  [32m                  [0;39m Tomcat initialized with port(s): 8001 (http)
2025-07-16 15:21:15.788 INFO  org.apache.coyote.http11.Http11NioProtocol        :173  [32m                  [0;39m Initializing ProtocolHandler ["http-nio-8001"]
2025-07-16 15:21:15.788 INFO  org.apache.catalina.core.StandardService          :173  [32m                  [0;39m Starting service [Tomcat]
2025-07-16 15:21:15.789 INFO  org.apache.catalina.core.StandardEngine           :173  [32m                  [0;39m Starting Servlet engine: [Apache Tomcat/10.1.16]
2025-07-16 15:21:15.843 INFO  o.a.c.c.C.[Tomcat].[localhost].[/member]          :173  [32m                  [0;39m Initializing Spring embedded WebApplicationContext
2025-07-16 15:21:15.843 INFO  o.s.b.w.s.c.ServletWebServerApplicationContext    :291  [32m                  [0;39m Root WebApplicationContext: initialization completed in 280 ms
2025-07-16 15:21:15.920 INFO  o.s.b.d.autoconfigure.OptionalLiveReloadServer    :59   [32m                  [0;39m LiveReload server is running on port 35729
2025-07-16 15:21:16.251 INFO  org.apache.coyote.http11.Http11NioProtocol        :173  [32m                  [0;39m Starting ProtocolHandler ["http-nio-8001"]
2025-07-16 15:21:16.257 INFO  o.s.boot.web.embedded.tomcat.TomcatWebServer      :220  [32m                  [0;39m Tomcat started on port(s): 8001 (http) with context path '/member'
2025-07-16 15:21:16.524 INFO  config.com.akine.mytrain.member.MemberApplication                :57   [32m                  [0;39m Started MemberApplication in 1.316 seconds (process running for 420.198)
2025-07-16 15:21:16.527 INFO  o.s.b.d.a.ConditionEvaluationDeltaLoggingListener :63   [32m                  [0;39m Condition evaluation unchanged
2025-07-16 15:21:16.528 INFO  config.com.akine.mytrain.member.MemberApplication                :19   [32m                  [0;39m 启动成功！
2025-07-16 15:21:16.528 INFO  config.com.akine.mytrain.member.MemberApplication                :20   [32m                  [0;39m 地址:	http://127.0.0.1:8001
2025-07-16 15:21:17.331 INFO  o.s.b.d.a.LocalDevToolsAutoConfiguration$RestartingClassPathChangeChangedEventListener:211  [32m                  [0;39m Restarting due to 1 class path change (1 addition, 0 deletions, 0 modifications)
2025-07-16 15:21:17.349 INFO  org.apache.coyote.http11.Http11NioProtocol        :173  [32m                  [0;39m Pausing ProtocolHandler ["http-nio-8001"]
2025-07-16 15:21:17.350 INFO  org.apache.catalina.core.StandardService          :173  [32m                  [0;39m Stopping service [Tomcat]
2025-07-16 15:21:17.352 INFO  org.apache.coyote.http11.Http11NioProtocol        :173  [32m                  [0;39m Stopping ProtocolHandler ["http-nio-8001"]
2025-07-16 15:21:17.353 INFO  org.apache.coyote.http11.Http11NioProtocol        :173  [32m                  [0;39m Destroying ProtocolHandler ["http-nio-8001"]
2025-07-16 15:21:17.685 INFO  config.com.akine.mytrain.member.MemberApplication                :51   [32m                  [0;39m Starting MemberApplication using Java 17.0.15 with PID 33076 (E:\Project\mytrain\member\target\classes started by 29236 in E:\Project\mytrain)
2025-07-16 15:21:17.686 INFO  config.com.akine.mytrain.member.MemberApplication                :633  [32m                  [0;39m No active profile set, falling back to 1 default profile: "default"
2025-07-16 15:21:17.816 INFO  o.springframework.cloud.context.scope.GenericScope:282  [32m                  [0;39m BeanFactory id=5a9ca54a-0fce-3f2a-8e64-32310da72fb0
2025-07-16 15:21:17.853 INFO  o.s.boot.web.embedded.tomcat.TomcatWebServer      :108  [32m                  [0;39m Tomcat initialized with port(s): 8001 (http)
2025-07-16 15:21:17.854 INFO  org.apache.coyote.http11.Http11NioProtocol        :173  [32m                  [0;39m Initializing ProtocolHandler ["http-nio-8001"]
2025-07-16 15:21:17.854 INFO  org.apache.catalina.core.StandardService          :173  [32m                  [0;39m Starting service [Tomcat]
2025-07-16 15:21:17.855 INFO  org.apache.catalina.core.StandardEngine           :173  [32m                  [0;39m Starting Servlet engine: [Apache Tomcat/10.1.16]
2025-07-16 15:21:17.902 INFO  o.a.c.c.C.[Tomcat].[localhost].[/member]          :173  [32m                  [0;39m Initializing Spring embedded WebApplicationContext
2025-07-16 15:21:17.902 INFO  o.s.b.w.s.c.ServletWebServerApplicationContext    :291  [32m                  [0;39m Root WebApplicationContext: initialization completed in 214 ms
2025-07-16 15:21:17.957 INFO  o.s.b.d.autoconfigure.OptionalLiveReloadServer    :59   [32m                  [0;39m LiveReload server is running on port 35729
2025-07-16 15:21:18.270 INFO  org.apache.coyote.http11.Http11NioProtocol        :173  [32m                  [0;39m Starting ProtocolHandler ["http-nio-8001"]
2025-07-16 15:21:18.275 INFO  o.s.boot.web.embedded.tomcat.TomcatWebServer      :220  [32m                  [0;39m Tomcat started on port(s): 8001 (http) with context path '/member'
2025-07-16 15:21:18.546 INFO  config.com.akine.mytrain.member.MemberApplication                :57   [32m                  [0;39m Started MemberApplication in 1.155 seconds (process running for 422.22)
2025-07-16 15:21:18.547 INFO  o.s.b.d.a.ConditionEvaluationDeltaLoggingListener :63   [32m                  [0;39m Condition evaluation unchanged
2025-07-16 15:21:18.547 INFO  config.com.akine.mytrain.member.MemberApplication                :19   [32m                  [0;39m 启动成功！
2025-07-16 15:21:18.547 INFO  config.com.akine.mytrain.member.MemberApplication                :20   [32m                  [0;39m 地址:	http://127.0.0.1:8001/{}/hello
2025-07-16 15:21:39.492 INFO  o.s.b.d.a.LocalDevToolsAutoConfiguration$RestartingClassPathChangeChangedEventListener:211  [32m                  [0;39m Restarting due to 1 class path change (0 additions, 1 deletion, 0 modifications)
2025-07-16 15:21:39.511 INFO  org.apache.coyote.http11.Http11NioProtocol        :173  [32m                  [0;39m Pausing ProtocolHandler ["http-nio-8001"]
2025-07-16 15:21:39.511 INFO  org.apache.catalina.core.StandardService          :173  [32m                  [0;39m Stopping service [Tomcat]
2025-07-16 15:21:39.513 INFO  org.apache.coyote.http11.Http11NioProtocol        :173  [32m                  [0;39m Stopping ProtocolHandler ["http-nio-8001"]
2025-07-16 15:21:39.514 INFO  org.apache.coyote.http11.Http11NioProtocol        :173  [32m                  [0;39m Destroying ProtocolHandler ["http-nio-8001"]
2025-07-16 15:21:39.862 INFO  config.com.akine.mytrain.member.MemberApplication                :51   [32m                  [0;39m Starting MemberApplication using Java 17.0.15 with PID 33076 (E:\Project\mytrain\member\target\classes started by 29236 in E:\Project\mytrain)
2025-07-16 15:21:39.862 INFO  config.com.akine.mytrain.member.MemberApplication                :633  [32m                  [0;39m No active profile set, falling back to 1 default profile: "default"
2025-07-16 15:21:40.022 ERROR org.springframework.boot.SpringApplication        :819  [32m                  [0;39m Application run failed
java.lang.NullPointerException: Cannot read field "generatedClass" because "data" is null
	at org.springframework.cglib.proxy.Enhancer.nextInstance(Enhancer.java:783)
	at org.springframework.cglib.core.AbstractClassGenerator.create(AbstractClassGenerator.java:321)
	at org.springframework.cglib.proxy.Enhancer.createHelper(Enhancer.java:562)
	at org.springframework.cglib.proxy.Enhancer.createClass(Enhancer.java:407)
	at org.springframework.context.annotation.ConfigurationClassEnhancer.createClass(ConfigurationClassEnhancer.java:138)
	at org.springframework.context.annotation.ConfigurationClassEnhancer.enhance(ConfigurationClassEnhancer.java:109)
	at org.springframework.context.annotation.ConfigurationClassPostProcessor.enhanceConfigurationClasses(ConfigurationClassPostProcessor.java:531)
	at org.springframework.context.annotation.ConfigurationClassPostProcessor.postProcessBeanFactory(ConfigurationClassPostProcessor.java:308)
	at org.springframework.context.support.PostProcessorRegistrationDelegate.invokeBeanFactoryPostProcessors(PostProcessorRegistrationDelegate.java:358)
	at org.springframework.context.support.PostProcessorRegistrationDelegate.invokeBeanFactoryPostProcessors(PostProcessorRegistrationDelegate.java:150)
	at org.springframework.context.support.AbstractApplicationContext.invokeBeanFactoryPostProcessors(AbstractApplicationContext.java:779)
	at org.springframework.context.support.AbstractApplicationContext.refresh(AbstractApplicationContext.java:597)
	at org.springframework.boot.web.servlet.context.ServletWebServerApplicationContext.refresh(ServletWebServerApplicationContext.java:146)
	at org.springframework.boot.SpringApplication.refresh(SpringApplication.java:733)
	at org.springframework.boot.SpringApplication.refreshContext(SpringApplication.java:435)
	at org.springframework.boot.SpringApplication.run(SpringApplication.java:311)
	at config.com.akine.mytrain.member.MemberApplication.main(MemberApplication.java:18)
	at java.base/jdk.internal.reflect.NativeMethodAccessorImpl.invoke0(Native Method)
	at java.base/jdk.internal.reflect.NativeMethodAccessorImpl.invoke(NativeMethodAccessorImpl.java:77)
	at java.base/jdk.internal.reflect.DelegatingMethodAccessorImpl.invoke(DelegatingMethodAccessorImpl.java:43)
	at java.base/java.lang.reflect.Method.invoke(Method.java:569)
	at org.springframework.boot.devtools.restart.RestartLauncher.run(RestartLauncher.java:50)
2025-07-16 15:21:41.802 INFO  config.com.akine.mytrain.member.MemberApplication                :51   [32m                  [0;39m Starting MemberApplication using Java 17.0.15 with PID 33076 (E:\Project\mytrain\member\target\classes started by 29236 in E:\Project\mytrain)
2025-07-16 15:21:41.802 INFO  config.com.akine.mytrain.member.MemberApplication                :633  [32m                  [0;39m No active profile set, falling back to 1 default profile: "default"
2025-07-16 15:21:41.979 INFO  o.springframework.cloud.context.scope.GenericScope:282  [32m                  [0;39m BeanFactory id=5a9ca54a-0fce-3f2a-8e64-32310da72fb0
2025-07-16 15:21:42.030 INFO  o.s.boot.web.embedded.tomcat.TomcatWebServer      :108  [32m                  [0;39m Tomcat initialized with port(s): 8001 (http)
2025-07-16 15:21:42.030 INFO  org.apache.coyote.http11.Http11NioProtocol        :173  [32m                  [0;39m Initializing ProtocolHandler ["http-nio-8001"]
2025-07-16 15:21:42.031 INFO  org.apache.catalina.core.StandardService          :173  [32m                  [0;39m Starting service [Tomcat]
2025-07-16 15:21:42.031 INFO  org.apache.catalina.core.StandardEngine           :173  [32m                  [0;39m Starting Servlet engine: [Apache Tomcat/10.1.16]
2025-07-16 15:21:42.088 INFO  o.a.c.c.C.[Tomcat].[localhost].[/member]          :173  [32m                  [0;39m Initializing Spring embedded WebApplicationContext
2025-07-16 15:21:42.088 INFO  o.s.b.w.s.c.ServletWebServerApplicationContext    :291  [32m                  [0;39m Root WebApplicationContext: initialization completed in 284 ms
2025-07-16 15:21:42.158 INFO  o.s.b.d.autoconfigure.OptionalLiveReloadServer    :59   [32m                  [0;39m LiveReload server is running on port 35729
2025-07-16 15:21:42.485 INFO  org.apache.coyote.http11.Http11NioProtocol        :173  [32m                  [0;39m Starting ProtocolHandler ["http-nio-8001"]
2025-07-16 15:21:42.491 INFO  o.s.boot.web.embedded.tomcat.TomcatWebServer      :220  [32m                  [0;39m Tomcat started on port(s): 8001 (http) with context path '/member'
2025-07-16 15:21:42.781 INFO  config.com.akine.mytrain.member.MemberApplication                :57   [32m                  [0;39m Started MemberApplication in 1.335 seconds (process running for 446.455)
2025-07-16 15:21:42.782 INFO  o.s.b.d.a.ConditionEvaluationDeltaLoggingListener :63   [32m                  [0;39m Condition evaluation unchanged
2025-07-16 15:21:42.782 INFO  config.com.akine.mytrain.member.MemberApplication                :19   [32m                  [0;39m 启动成功！
2025-07-16 15:21:42.783 INFO  config.com.akine.mytrain.member.MemberApplication                :20   [32m                  [0;39m 地址:	http://127.0.0.1:8001//member/hello
2025-07-16 15:23:49.266 INFO  o.a.c.c.C.[Tomcat].[localhost].[/member]          :173  [32m                  [0;39m Initializing Spring DispatcherServlet 'dispatcherServlet'
2025-07-16 15:23:49.266 INFO  org.springframework.web.servlet.DispatcherServlet :532  [32m                  [0;39m Initializing Servlet 'dispatcherServlet'
2025-07-16 15:23:49.268 INFO  org.springframework.web.servlet.DispatcherServlet :554  [32m                  [0;39m Completed initialization in 2 ms
2025-07-16 15:35:53.542 INFO  o.s.b.d.a.LocalDevToolsAutoConfiguration$RestartingClassPathChangeChangedEventListener:211  [32m                  [0;39m Restarting due to 3 class path changes (0 additions, 2 deletions, 1 modification)
2025-07-16 15:35:53.559 INFO  org.apache.coyote.http11.Http11NioProtocol        :173  [32m                  [0;39m Pausing ProtocolHandler ["http-nio-8001"]
2025-07-16 15:35:53.561 INFO  org.apache.catalina.core.StandardService          :173  [32m                  [0;39m Stopping service [Tomcat]
2025-07-16 15:35:53.561 INFO  o.a.c.c.C.[Tomcat].[localhost].[/member]          :173  [32m                  [0;39m Destroying Spring FrameworkServlet 'dispatcherServlet'
2025-07-16 15:35:53.563 INFO  org.apache.coyote.http11.Http11NioProtocol        :173  [32m                  [0;39m Stopping ProtocolHandler ["http-nio-8001"]
2025-07-16 15:35:53.564 INFO  org.apache.coyote.http11.Http11NioProtocol        :173  [32m                  [0;39m Destroying ProtocolHandler ["http-nio-8001"]
2025-07-16 15:35:53.935 INFO  config.com.akine.mytrain.member.MemberApplication                :51   [32m                  [0;39m Starting MemberApplication using Java 17.0.15 with PID 33076 (E:\Project\mytrain\member\target\classes started by 29236 in E:\Project\mytrain)
2025-07-16 15:35:53.936 INFO  config.com.akine.mytrain.member.MemberApplication                :633  [32m                  [0;39m No active profile set, falling back to 1 default profile: "default"
2025-07-16 15:35:54.088 ERROR org.springframework.boot.SpringApplication        :819  [32m                  [0;39m Application run failed
java.lang.NullPointerException: Cannot read field "generatedClass" because "data" is null
	at org.springframework.cglib.proxy.Enhancer.nextInstance(Enhancer.java:783)
	at org.springframework.cglib.core.AbstractClassGenerator.create(AbstractClassGenerator.java:321)
	at org.springframework.cglib.proxy.Enhancer.createHelper(Enhancer.java:562)
	at org.springframework.cglib.proxy.Enhancer.createClass(Enhancer.java:407)
	at org.springframework.context.annotation.ConfigurationClassEnhancer.createClass(ConfigurationClassEnhancer.java:138)
	at org.springframework.context.annotation.ConfigurationClassEnhancer.enhance(ConfigurationClassEnhancer.java:109)
	at org.springframework.context.annotation.ConfigurationClassPostProcessor.enhanceConfigurationClasses(ConfigurationClassPostProcessor.java:531)
	at org.springframework.context.annotation.ConfigurationClassPostProcessor.postProcessBeanFactory(ConfigurationClassPostProcessor.java:308)
	at org.springframework.context.support.PostProcessorRegistrationDelegate.invokeBeanFactoryPostProcessors(PostProcessorRegistrationDelegate.java:358)
	at org.springframework.context.support.PostProcessorRegistrationDelegate.invokeBeanFactoryPostProcessors(PostProcessorRegistrationDelegate.java:150)
	at org.springframework.context.support.AbstractApplicationContext.invokeBeanFactoryPostProcessors(AbstractApplicationContext.java:779)
	at org.springframework.context.support.AbstractApplicationContext.refresh(AbstractApplicationContext.java:597)
	at org.springframework.boot.web.servlet.context.ServletWebServerApplicationContext.refresh(ServletWebServerApplicationContext.java:146)
	at org.springframework.boot.SpringApplication.refresh(SpringApplication.java:733)
	at org.springframework.boot.SpringApplication.refreshContext(SpringApplication.java:435)
	at org.springframework.boot.SpringApplication.run(SpringApplication.java:311)
	at config.com.akine.mytrain.member.MemberApplication.main(MemberApplication.java:18)
	at java.base/jdk.internal.reflect.NativeMethodAccessorImpl.invoke0(Native Method)
	at java.base/jdk.internal.reflect.NativeMethodAccessorImpl.invoke(NativeMethodAccessorImpl.java:77)
	at java.base/jdk.internal.reflect.DelegatingMethodAccessorImpl.invoke(DelegatingMethodAccessorImpl.java:43)
	at java.base/java.lang.reflect.Method.invoke(Method.java:569)
	at org.springframework.boot.devtools.restart.RestartLauncher.run(RestartLauncher.java:50)
2025-07-16 15:35:55.901 INFO  config.com.akine.mytrain.member.MemberApplication                :51   [32m                  [0;39m Starting MemberApplication using Java 17.0.15 with PID 33076 (E:\Project\mytrain\member\target\classes started by 29236 in E:\Project\mytrain)
2025-07-16 15:35:55.901 INFO  config.com.akine.mytrain.member.MemberApplication                :633  [32m                  [0;39m No active profile set, falling back to 1 default profile: "default"
2025-07-16 15:35:56.056 INFO  o.springframework.cloud.context.scope.GenericScope:282  [32m                  [0;39m BeanFactory id=5a9ca54a-0fce-3f2a-8e64-32310da72fb0
2025-07-16 15:35:56.107 INFO  o.s.boot.web.embedded.tomcat.TomcatWebServer      :108  [32m                  [0;39m Tomcat initialized with port(s): 8001 (http)
2025-07-16 15:35:56.108 INFO  org.apache.coyote.http11.Http11NioProtocol        :173  [32m                  [0;39m Initializing ProtocolHandler ["http-nio-8001"]
2025-07-16 15:35:56.108 INFO  org.apache.catalina.core.StandardService          :173  [32m                  [0;39m Starting service [Tomcat]
2025-07-16 15:35:56.109 INFO  org.apache.catalina.core.StandardEngine           :173  [32m                  [0;39m Starting Servlet engine: [Apache Tomcat/10.1.16]
2025-07-16 15:35:56.163 INFO  o.a.c.c.C.[Tomcat].[localhost].[/member]          :173  [32m                  [0;39m Initializing Spring embedded WebApplicationContext
2025-07-16 15:35:56.164 INFO  o.s.b.w.s.c.ServletWebServerApplicationContext    :291  [32m                  [0;39m Root WebApplicationContext: initialization completed in 260 ms
2025-07-16 15:35:56.277 INFO  o.s.b.d.autoconfigure.OptionalLiveReloadServer    :59   [32m                  [0;39m LiveReload server is running on port 35729
2025-07-16 15:35:56.597 INFO  org.apache.coyote.http11.Http11NioProtocol        :173  [32m                  [0;39m Starting ProtocolHandler ["http-nio-8001"]
2025-07-16 15:35:56.602 INFO  o.s.boot.web.embedded.tomcat.TomcatWebServer      :220  [32m                  [0;39m Tomcat started on port(s): 8001 (http) with context path '/member'
2025-07-16 15:35:56.875 INFO  config.com.akine.mytrain.member.MemberApplication                :57   [32m                  [0;39m Started MemberApplication in 1.357 seconds (process running for 1300.548)
2025-07-16 15:35:56.876 INFO  o.s.b.d.a.ConditionEvaluationDeltaLoggingListener :63   [32m                  [0;39m Condition evaluation unchanged
2025-07-16 15:35:56.876 INFO  config.com.akine.mytrain.member.MemberApplication                :19   [32m                  [0;39m 启动成功！
2025-07-16 15:35:56.877 INFO  config.com.akine.mytrain.member.MemberApplication                :20   [32m                  [0;39m 地址:	http://127.0.0.1:8001//member/hello
2025-07-16 15:37:23.798 INFO  o.s.b.d.a.LocalDevToolsAutoConfiguration$RestartingClassPathChangeChangedEventListener:211  [32m                  [0;39m Restarting due to 3 class path changes (0 additions, 2 deletions, 1 modification)
2025-07-16 15:37:23.819 INFO  org.apache.coyote.http11.Http11NioProtocol        :173  [32m                  [0;39m Pausing ProtocolHandler ["http-nio-8001"]
2025-07-16 15:37:23.819 INFO  org.apache.catalina.core.StandardService          :173  [32m                  [0;39m Stopping service [Tomcat]
2025-07-16 15:37:23.821 INFO  org.apache.coyote.http11.Http11NioProtocol        :173  [32m                  [0;39m Stopping ProtocolHandler ["http-nio-8001"]
2025-07-16 15:37:23.823 INFO  org.apache.coyote.http11.Http11NioProtocol        :173  [32m                  [0;39m Destroying ProtocolHandler ["http-nio-8001"]
2025-07-16 15:37:24.243 INFO  config.com.akine.mytrain.member.MemberApplication                :51   [32m                  [0;39m Starting MemberApplication using Java 17.0.15 with PID 33076 (E:\Project\mytrain\member\target\classes started by 29236 in E:\Project\mytrain)
2025-07-16 15:37:24.244 INFO  config.com.akine.mytrain.member.MemberApplication                :633  [32m                  [0;39m No active profile set, falling back to 1 default profile: "default"
2025-07-16 15:37:24.455 ERROR org.springframework.boot.SpringApplication        :819  [32m                  [0;39m Application run failed
java.lang.NullPointerException: Cannot read field "generatedClass" because "data" is null
	at org.springframework.cglib.proxy.Enhancer.nextInstance(Enhancer.java:783)
	at org.springframework.cglib.core.AbstractClassGenerator.create(AbstractClassGenerator.java:321)
	at org.springframework.cglib.proxy.Enhancer.createHelper(Enhancer.java:562)
	at org.springframework.cglib.proxy.Enhancer.createClass(Enhancer.java:407)
	at org.springframework.context.annotation.ConfigurationClassEnhancer.createClass(ConfigurationClassEnhancer.java:138)
	at org.springframework.context.annotation.ConfigurationClassEnhancer.enhance(ConfigurationClassEnhancer.java:109)
	at org.springframework.context.annotation.ConfigurationClassPostProcessor.enhanceConfigurationClasses(ConfigurationClassPostProcessor.java:531)
	at org.springframework.context.annotation.ConfigurationClassPostProcessor.postProcessBeanFactory(ConfigurationClassPostProcessor.java:308)
	at org.springframework.context.support.PostProcessorRegistrationDelegate.invokeBeanFactoryPostProcessors(PostProcessorRegistrationDelegate.java:358)
	at org.springframework.context.support.PostProcessorRegistrationDelegate.invokeBeanFactoryPostProcessors(PostProcessorRegistrationDelegate.java:150)
	at org.springframework.context.support.AbstractApplicationContext.invokeBeanFactoryPostProcessors(AbstractApplicationContext.java:779)
	at org.springframework.context.support.AbstractApplicationContext.refresh(AbstractApplicationContext.java:597)
	at org.springframework.boot.web.servlet.context.ServletWebServerApplicationContext.refresh(ServletWebServerApplicationContext.java:146)
	at org.springframework.boot.SpringApplication.refresh(SpringApplication.java:733)
	at org.springframework.boot.SpringApplication.refreshContext(SpringApplication.java:435)
	at org.springframework.boot.SpringApplication.run(SpringApplication.java:311)
	at config.com.akine.mytrain.member.MemberApplication.main(MemberApplication.java:18)
	at java.base/jdk.internal.reflect.NativeMethodAccessorImpl.invoke0(Native Method)
	at java.base/jdk.internal.reflect.NativeMethodAccessorImpl.invoke(NativeMethodAccessorImpl.java:77)
	at java.base/jdk.internal.reflect.DelegatingMethodAccessorImpl.invoke(DelegatingMethodAccessorImpl.java:43)
	at java.base/java.lang.reflect.Method.invoke(Method.java:569)
	at org.springframework.boot.devtools.restart.RestartLauncher.run(RestartLauncher.java:50)
2025-07-16 15:37:26.556 INFO  config.com.akine.mytrain.member.MemberApplication                :51   [32m                  [0;39m Starting MemberApplication using Java 17.0.15 with PID 33076 (E:\Project\mytrain\member\target\classes started by 29236 in E:\Project\mytrain)
2025-07-16 15:37:26.557 INFO  config.com.akine.mytrain.member.MemberApplication                :633  [32m                  [0;39m No active profile set, falling back to 1 default profile: "default"
2025-07-16 15:37:26.671 INFO  o.springframework.cloud.context.scope.GenericScope:282  [32m                  [0;39m BeanFactory id=5a9ca54a-0fce-3f2a-8e64-32310da72fb0
2025-07-16 15:37:26.703 INFO  o.s.boot.web.embedded.tomcat.TomcatWebServer      :108  [32m                  [0;39m Tomcat initialized with port(s): 8001 (http)
2025-07-16 15:37:26.704 INFO  org.apache.coyote.http11.Http11NioProtocol        :173  [32m                  [0;39m Initializing ProtocolHandler ["http-nio-8001"]
2025-07-16 15:37:26.704 INFO  org.apache.catalina.core.StandardService          :173  [32m                  [0;39m Starting service [Tomcat]
2025-07-16 15:37:26.704 INFO  org.apache.catalina.core.StandardEngine           :173  [32m                  [0;39m Starting Servlet engine: [Apache Tomcat/10.1.16]
2025-07-16 15:37:26.748 INFO  o.a.c.c.C.[Tomcat].[localhost].[/member]          :173  [32m                  [0;39m Initializing Spring embedded WebApplicationContext
2025-07-16 15:37:26.748 INFO  o.s.b.w.s.c.ServletWebServerApplicationContext    :291  [32m                  [0;39m Root WebApplicationContext: initialization completed in 189 ms
2025-07-16 15:37:26.798 INFO  o.s.b.d.autoconfigure.OptionalLiveReloadServer    :59   [32m                  [0;39m LiveReload server is running on port 35729
2025-07-16 15:37:27.067 INFO  org.apache.coyote.http11.Http11NioProtocol        :173  [32m                  [0;39m Starting ProtocolHandler ["http-nio-8001"]
2025-07-16 15:37:27.076 INFO  o.s.boot.web.embedded.tomcat.TomcatWebServer      :220  [32m                  [0;39m Tomcat started on port(s): 8001 (http) with context path '/member'
2025-07-16 15:37:27.377 INFO  config.com.akine.mytrain.member.MemberApplication                :57   [32m                  [0;39m Started MemberApplication in 1.107 seconds (process running for 1391.051)
2025-07-16 15:37:27.379 INFO  o.s.b.d.a.ConditionEvaluationDeltaLoggingListener :63   [32m                  [0;39m Condition evaluation unchanged
2025-07-16 15:37:27.380 INFO  config.com.akine.mytrain.member.MemberApplication                :19   [32m                  [0;39m 启动成功！
2025-07-16 15:37:27.380 INFO  config.com.akine.mytrain.member.MemberApplication                :20   [32m                  [0;39m 地址:	http://127.0.0.1:8001//member/hello
2025-07-16 15:42:08.402 INFO  o.s.b.d.a.LocalDevToolsAutoConfiguration$RestartingClassPathChangeChangedEventListener:211  [32m                  [0;39m Restarting due to 2 class path changes (0 additions, 2 deletions, 0 modifications)
2025-07-16 15:42:08.420 INFO  org.apache.coyote.http11.Http11NioProtocol        :173  [32m                  [0;39m Pausing ProtocolHandler ["http-nio-8001"]
2025-07-16 15:42:08.420 INFO  org.apache.catalina.core.StandardService          :173  [32m                  [0;39m Stopping service [Tomcat]
2025-07-16 15:42:08.421 INFO  org.apache.coyote.http11.Http11NioProtocol        :173  [32m                  [0;39m Stopping ProtocolHandler ["http-nio-8001"]
2025-07-16 15:42:08.422 INFO  org.apache.coyote.http11.Http11NioProtocol        :173  [32m                  [0;39m Destroying ProtocolHandler ["http-nio-8001"]
2025-07-16 15:42:08.773 INFO  config.com.akine.mytrain.common.aspect.MemberApplication                :51   [32m                  [0;39m Starting MemberApplication using Java 17.0.15 with PID 33076 (E:\Project\mytrain\member\target\classes started by 29236 in E:\Project\mytrain)
2025-07-16 15:42:08.773 INFO  config.com.akine.mytrain.common.aspect.MemberApplication                :633  [32m                  [0;39m No active profile set, falling back to 1 default profile: "default"
2025-07-16 15:42:08.896 ERROR org.springframework.boot.SpringApplication        :819  [32m                  [0;39m Application run failed
java.lang.NullPointerException: Cannot read field "generatedClass" because "data" is null
	at org.springframework.cglib.proxy.Enhancer.nextInstance(Enhancer.java:783)
	at org.springframework.cglib.core.AbstractClassGenerator.create(AbstractClassGenerator.java:321)
	at org.springframework.cglib.proxy.Enhancer.createHelper(Enhancer.java:562)
	at org.springframework.cglib.proxy.Enhancer.createClass(Enhancer.java:407)
	at org.springframework.context.annotation.ConfigurationClassEnhancer.createClass(ConfigurationClassEnhancer.java:138)
	at org.springframework.context.annotation.ConfigurationClassEnhancer.enhance(ConfigurationClassEnhancer.java:109)
	at org.springframework.context.annotation.ConfigurationClassPostProcessor.enhanceConfigurationClasses(ConfigurationClassPostProcessor.java:531)
	at org.springframework.context.annotation.ConfigurationClassPostProcessor.postProcessBeanFactory(ConfigurationClassPostProcessor.java:308)
	at org.springframework.context.support.PostProcessorRegistrationDelegate.invokeBeanFactoryPostProcessors(PostProcessorRegistrationDelegate.java:358)
	at org.springframework.context.support.PostProcessorRegistrationDelegate.invokeBeanFactoryPostProcessors(PostProcessorRegistrationDelegate.java:150)
	at org.springframework.context.support.AbstractApplicationContext.invokeBeanFactoryPostProcessors(AbstractApplicationContext.java:779)
	at org.springframework.context.support.AbstractApplicationContext.refresh(AbstractApplicationContext.java:597)
	at org.springframework.boot.web.servlet.context.ServletWebServerApplicationContext.refresh(ServletWebServerApplicationContext.java:146)
	at org.springframework.boot.SpringApplication.refresh(SpringApplication.java:733)
	at org.springframework.boot.SpringApplication.refreshContext(SpringApplication.java:435)
	at org.springframework.boot.SpringApplication.run(SpringApplication.java:311)
	at config.com.akine.mytrain.common.aspect.MemberApplication.main(MemberApplication.java:18)
	at java.base/jdk.internal.reflect.NativeMethodAccessorImpl.invoke0(Native Method)
	at java.base/jdk.internal.reflect.NativeMethodAccessorImpl.invoke(NativeMethodAccessorImpl.java:77)
	at java.base/jdk.internal.reflect.DelegatingMethodAccessorImpl.invoke(DelegatingMethodAccessorImpl.java:43)
	at java.base/java.lang.reflect.Method.invoke(Method.java:569)
	at org.springframework.boot.devtools.restart.RestartLauncher.run(RestartLauncher.java:50)
2025-07-16 15:42:10.605 INFO  config.com.akine.mytrain.common.aspect.MemberApplication                :51   [32m                  [0;39m Starting MemberApplication using Java 17.0.15 with PID 33076 (E:\Project\mytrain\member\target\classes started by 29236 in E:\Project\mytrain)
2025-07-16 15:42:10.606 INFO  config.com.akine.mytrain.common.aspect.MemberApplication                :633  [32m                  [0;39m No active profile set, falling back to 1 default profile: "default"
2025-07-16 15:42:10.724 ERROR org.springframework.boot.SpringApplication        :819  [32m                  [0;39m Application run failed
java.lang.NullPointerException: Cannot read field "generatedClass" because "data" is null
	at org.springframework.cglib.proxy.Enhancer.nextInstance(Enhancer.java:783)
	at org.springframework.cglib.core.AbstractClassGenerator.create(AbstractClassGenerator.java:321)
	at org.springframework.cglib.proxy.Enhancer.createHelper(Enhancer.java:562)
	at org.springframework.cglib.proxy.Enhancer.createClass(Enhancer.java:407)
	at org.springframework.context.annotation.ConfigurationClassEnhancer.createClass(ConfigurationClassEnhancer.java:138)
	at org.springframework.context.annotation.ConfigurationClassEnhancer.enhance(ConfigurationClassEnhancer.java:109)
	at org.springframework.context.annotation.ConfigurationClassPostProcessor.enhanceConfigurationClasses(ConfigurationClassPostProcessor.java:531)
	at org.springframework.context.annotation.ConfigurationClassPostProcessor.postProcessBeanFactory(ConfigurationClassPostProcessor.java:308)
	at org.springframework.context.support.PostProcessorRegistrationDelegate.invokeBeanFactoryPostProcessors(PostProcessorRegistrationDelegate.java:358)
	at org.springframework.context.support.PostProcessorRegistrationDelegate.invokeBeanFactoryPostProcessors(PostProcessorRegistrationDelegate.java:150)
	at org.springframework.context.support.AbstractApplicationContext.invokeBeanFactoryPostProcessors(AbstractApplicationContext.java:779)
	at org.springframework.context.support.AbstractApplicationContext.refresh(AbstractApplicationContext.java:597)
	at org.springframework.boot.web.servlet.context.ServletWebServerApplicationContext.refresh(ServletWebServerApplicationContext.java:146)
	at org.springframework.boot.SpringApplication.refresh(SpringApplication.java:733)
	at org.springframework.boot.SpringApplication.refreshContext(SpringApplication.java:435)
	at org.springframework.boot.SpringApplication.run(SpringApplication.java:311)
	at config.com.akine.mytrain.common.aspect.MemberApplication.main(MemberApplication.java:18)
	at java.base/jdk.internal.reflect.NativeMethodAccessorImpl.invoke0(Native Method)
	at java.base/jdk.internal.reflect.NativeMethodAccessorImpl.invoke(NativeMethodAccessorImpl.java:77)
	at java.base/jdk.internal.reflect.DelegatingMethodAccessorImpl.invoke(DelegatingMethodAccessorImpl.java:43)
	at java.base/java.lang.reflect.Method.invoke(Method.java:569)
	at org.springframework.boot.devtools.restart.RestartLauncher.run(RestartLauncher.java:50)
2025-07-16 15:44:00.546 INFO  config.com.akine.mytrain.common.aspect.MemberApplication                :51   [32m                  [0;39m Starting MemberApplication using Java 17.0.15 with PID 33076 (E:\Project\mytrain\member\target\classes started by 29236 in E:\Project\mytrain)
2025-07-16 15:44:00.546 INFO  config.com.akine.mytrain.common.aspect.MemberApplication                :633  [32m                  [0;39m No active profile set, falling back to 1 default profile: "default"
2025-07-16 15:44:00.693 ERROR org.springframework.boot.SpringApplication        :819  [32m                  [0;39m Application run failed
java.lang.NullPointerException: Cannot read field "generatedClass" because "data" is null
	at org.springframework.cglib.proxy.Enhancer.nextInstance(Enhancer.java:783)
	at org.springframework.cglib.core.AbstractClassGenerator.create(AbstractClassGenerator.java:321)
	at org.springframework.cglib.proxy.Enhancer.createHelper(Enhancer.java:562)
	at org.springframework.cglib.proxy.Enhancer.createClass(Enhancer.java:407)
	at org.springframework.context.annotation.ConfigurationClassEnhancer.createClass(ConfigurationClassEnhancer.java:138)
	at org.springframework.context.annotation.ConfigurationClassEnhancer.enhance(ConfigurationClassEnhancer.java:109)
	at org.springframework.context.annotation.ConfigurationClassPostProcessor.enhanceConfigurationClasses(ConfigurationClassPostProcessor.java:531)
	at org.springframework.context.annotation.ConfigurationClassPostProcessor.postProcessBeanFactory(ConfigurationClassPostProcessor.java:308)
	at org.springframework.context.support.PostProcessorRegistrationDelegate.invokeBeanFactoryPostProcessors(PostProcessorRegistrationDelegate.java:358)
	at org.springframework.context.support.PostProcessorRegistrationDelegate.invokeBeanFactoryPostProcessors(PostProcessorRegistrationDelegate.java:150)
	at org.springframework.context.support.AbstractApplicationContext.invokeBeanFactoryPostProcessors(AbstractApplicationContext.java:779)
	at org.springframework.context.support.AbstractApplicationContext.refresh(AbstractApplicationContext.java:597)
	at org.springframework.boot.web.servlet.context.ServletWebServerApplicationContext.refresh(ServletWebServerApplicationContext.java:146)
	at org.springframework.boot.SpringApplication.refresh(SpringApplication.java:733)
	at org.springframework.boot.SpringApplication.refreshContext(SpringApplication.java:435)
	at org.springframework.boot.SpringApplication.run(SpringApplication.java:311)
	at config.com.akine.mytrain.common.aspect.MemberApplication.main(MemberApplication.java:18)
	at java.base/jdk.internal.reflect.NativeMethodAccessorImpl.invoke0(Native Method)
	at java.base/jdk.internal.reflect.NativeMethodAccessorImpl.invoke(NativeMethodAccessorImpl.java:77)
	at java.base/jdk.internal.reflect.DelegatingMethodAccessorImpl.invoke(DelegatingMethodAccessorImpl.java:43)
	at java.base/java.lang.reflect.Method.invoke(Method.java:569)
	at org.springframework.boot.devtools.restart.RestartLauncher.run(RestartLauncher.java:50)
2025-07-16 15:51:08.594 INFO  com.akine.mytrain.member.config.MemberApplication :51   [32m                  [0;39m Starting MemberApplication using Java 17.0.15 with PID 24520 (E:\Project\mytrain\member\target\classes started by 29236 in E:\Project\mytrain)
2025-07-16 15:51:08.597 INFO  com.akine.mytrain.member.config.MemberApplication :633  [32m                  [0;39m No active profile set, falling back to 1 default profile: "default"
2025-07-16 15:51:08.652 INFO  o.s.b.d.env.DevToolsPropertyDefaultsPostProcessor :250  [32m                  [0;39m Devtools property defaults active! Set 'spring.devtools.add-properties' to 'false' to disable
2025-07-16 15:51:08.652 INFO  o.s.b.d.env.DevToolsPropertyDefaultsPostProcessor :250  [32m                  [0;39m For additional web related logging consider setting the 'logging.level.web' property to 'DEBUG'
2025-07-16 15:51:09.333 INFO  o.springframework.cloud.context.scope.GenericScope:282  [32m                  [0;39m BeanFactory id=f6f011fc-650f-3835-98b9-7dec48088414
2025-07-16 15:51:10.376 INFO  o.s.boot.web.embedded.tomcat.TomcatWebServer      :108  [32m                  [0;39m Tomcat initialized with port(s): 8001 (http)
2025-07-16 15:51:10.388 INFO  org.apache.coyote.http11.Http11NioProtocol        :173  [32m                  [0;39m Initializing ProtocolHandler ["http-nio-8001"]
2025-07-16 15:51:10.390 INFO  org.apache.catalina.core.StandardService          :173  [32m                  [0;39m Starting service [Tomcat]
2025-07-16 15:51:10.390 INFO  org.apache.catalina.core.StandardEngine           :173  [32m                  [0;39m Starting Servlet engine: [Apache Tomcat/10.1.16]
2025-07-16 15:51:10.509 INFO  o.a.c.c.C.[Tomcat].[localhost].[/member]          :173  [32m                  [0;39m Initializing Spring embedded WebApplicationContext
2025-07-16 15:51:10.510 INFO  o.s.b.w.s.c.ServletWebServerApplicationContext    :291  [32m                  [0;39m Root WebApplicationContext: initialization completed in 1857 ms
2025-07-16 15:51:11.291 INFO  o.s.b.d.autoconfigure.OptionalLiveReloadServer    :59   [32m                  [0;39m LiveReload server is running on port 35729
2025-07-16 15:51:11.715 INFO  org.apache.coyote.http11.Http11NioProtocol        :173  [32m                  [0;39m Starting ProtocolHandler ["http-nio-8001"]
2025-07-16 15:51:11.749 INFO  o.s.boot.web.embedded.tomcat.TomcatWebServer      :220  [32m                  [0;39m Tomcat started on port(s): 8001 (http) with context path '/member'
2025-07-16 15:51:12.177 INFO  com.akine.mytrain.member.config.MemberApplication :57   [32m                  [0;39m Started MemberApplication in 4.458 seconds (process running for 5.313)
2025-07-16 15:51:12.181 INFO  com.akine.mytrain.member.config.MemberApplication :19   [32m                  [0;39m 启动成功！
2025-07-16 15:51:12.182 INFO  com.akine.mytrain.member.config.MemberApplication :20   [32m                  [0;39m 地址:	http://127.0.0.1:8001//member/hello
2025-07-16 15:51:25.541 INFO  o.a.c.c.C.[Tomcat].[localhost].[/member]          :173  [32m                  [0;39m Initializing Spring DispatcherServlet 'dispatcherServlet'
2025-07-16 15:51:25.541 INFO  org.springframework.web.servlet.DispatcherServlet :532  [32m                  [0;39m Initializing Servlet 'dispatcherServlet'
2025-07-16 15:51:25.543 INFO  org.springframework.web.servlet.DispatcherServlet :554  [32m                  [0;39m Completed initialization in 0 ms
2025-07-16 15:51:25.619 INFO  com.akine.mytrain.member.aspect.LogAspect         :53   [32m17526522856015cx  [0;39m ------------- 开始 -------------
2025-07-16 15:51:25.620 INFO  com.akine.mytrain.member.aspect.LogAspect         :54   [32m17526522856015cx  [0;39m 请求地址: http://localhost:8001/member/hello GET
2025-07-16 15:51:25.620 INFO  com.akine.mytrain.member.aspect.LogAspect         :55   [32m17526522856015cx  [0;39m 类名方法: com.akine.mytrain.member.controller.TestController.hello
2025-07-16 15:51:25.620 INFO  com.akine.mytrain.member.aspect.LogAspect         :56   [32m17526522856015cx  [0;39m 远程地址: 127.0.0.1
2025-07-16 15:51:25.669 INFO  com.akine.mytrain.member.aspect.LogAspect         :77   [32m17526522856015cx  [0;39m 请求参数: []
2025-07-16 15:51:25.670 INFO  com.akine.mytrain.member.aspect.LogAspect         :89   [32m17526522856015cx  [0;39m 返回结果: "hello world!"
2025-07-16 15:51:25.670 INFO  com.akine.mytrain.member.aspect.LogAspect         :90   [32m17526522856015cx  [0;39m ------------- 结束 耗时：69 ms -------------
2025-07-16 15:52:12.771 INFO  com.akine.mytrain.member.aspect.LogAspect         :53   [32m1752652332771dro  [0;39m ------------- 开始 -------------
2025-07-16 15:52:12.771 INFO  com.akine.mytrain.member.aspect.LogAspect         :54   [32m1752652332771dro  [0;39m 请求地址: http://localhost:8001/member/hello GET
2025-07-16 15:52:12.772 INFO  com.akine.mytrain.member.aspect.LogAspect         :55   [32m1752652332771dro  [0;39m 类名方法: com.akine.mytrain.member.controller.TestController.hello
2025-07-16 15:52:12.772 INFO  com.akine.mytrain.member.aspect.LogAspect         :56   [32m1752652332771dro  [0;39m 远程地址: 127.0.0.1
2025-07-16 15:52:12.773 INFO  com.akine.mytrain.member.aspect.LogAspect         :77   [32m1752652332771dro  [0;39m 请求参数: []
2025-07-16 15:52:12.773 INFO  com.akine.mytrain.member.aspect.LogAspect         :89   [32m1752652332771dro  [0;39m 返回结果: "hello world!"
2025-07-16 15:52:12.773 INFO  com.akine.mytrain.member.aspect.LogAspect         :90   [32m1752652332771dro  [0;39m ------------- 结束 耗时：2 ms -------------
2025-07-16 16:14:27.782 INFO  com.akine.mytrain.member.config.MemberApplication :51   [32m                  [0;39m Starting MemberApplication using Java 17.0.15 with PID 29516 (E:\Project\mytrain\member\target\classes started by 29236 in E:\Project\mytrain)
2025-07-16 16:14:27.785 INFO  com.akine.mytrain.member.config.MemberApplication :633  [32m                  [0;39m No active profile set, falling back to 1 default profile: "default"
2025-07-16 16:14:27.840 INFO  o.s.b.d.env.DevToolsPropertyDefaultsPostProcessor :250  [32m                  [0;39m Devtools property defaults active! Set 'spring.devtools.add-properties' to 'false' to disable
2025-07-16 16:14:27.842 INFO  o.s.b.d.env.DevToolsPropertyDefaultsPostProcessor :250  [32m                  [0;39m For additional web related logging consider setting the 'logging.level.web' property to 'DEBUG'
2025-07-16 16:14:28.760 INFO  o.springframework.cloud.context.scope.GenericScope:282  [32m                  [0;39m BeanFactory id=f6f011fc-650f-3835-98b9-7dec48088414
2025-07-16 16:14:29.733 INFO  o.s.boot.web.embedded.tomcat.TomcatWebServer      :108  [32m                  [0;39m Tomcat initialized with port(s): 8001 (http)
2025-07-16 16:14:29.744 INFO  org.apache.coyote.http11.Http11NioProtocol        :173  [32m                  [0;39m Initializing ProtocolHandler ["http-nio-8001"]
2025-07-16 16:14:29.746 INFO  org.apache.catalina.core.StandardService          :173  [32m                  [0;39m Starting service [Tomcat]
2025-07-16 16:14:29.746 INFO  org.apache.catalina.core.StandardEngine           :173  [32m                  [0;39m Starting Servlet engine: [Apache Tomcat/10.1.16]
2025-07-16 16:14:29.866 INFO  o.a.c.c.C.[Tomcat].[localhost].[/member]          :173  [32m                  [0;39m Initializing Spring embedded WebApplicationContext
2025-07-16 16:14:29.866 INFO  o.s.b.w.s.c.ServletWebServerApplicationContext    :291  [32m                  [0;39m Root WebApplicationContext: initialization completed in 2024 ms
2025-07-16 16:14:30.658 INFO  o.s.b.d.autoconfigure.OptionalLiveReloadServer    :59   [32m                  [0;39m LiveReload server is running on port 35729
2025-07-16 16:14:31.133 INFO  org.apache.coyote.http11.Http11NioProtocol        :173  [32m                  [0;39m Starting ProtocolHandler ["http-nio-8001"]
2025-07-16 16:14:31.167 INFO  o.s.boot.web.embedded.tomcat.TomcatWebServer      :220  [32m                  [0;39m Tomcat started on port(s): 8001 (http) with context path '/member'
2025-07-16 16:14:31.606 INFO  com.akine.mytrain.member.config.MemberApplication :57   [32m                  [0;39m Started MemberApplication in 4.669 seconds (process running for 5.489)
2025-07-16 16:14:31.610 INFO  com.akine.mytrain.member.config.MemberApplication :19   [32m                  [0;39m 启动成功！
2025-07-16 16:14:31.610 INFO  com.akine.mytrain.member.config.MemberApplication :20   [32m                  [0;39m 地址:	http://127.0.0.1:8001//member/hello
2025-07-16 16:15:10.215 INFO  o.a.c.c.C.[Tomcat].[localhost].[/member]          :173  [32m                  [0;39m Initializing Spring DispatcherServlet 'dispatcherServlet'
2025-07-16 16:15:10.215 INFO  org.springframework.web.servlet.DispatcherServlet :532  [32m                  [0;39m Initializing Servlet 'dispatcherServlet'
2025-07-16 16:15:10.216 INFO  org.springframework.web.servlet.DispatcherServlet :554  [32m                  [0;39m Completed initialization in 1 ms
2025-07-16 16:15:10.275 INFO  com.akine.mytrain.common.aspect.LogAspect         :53   [32m175265371026819n  [0;39m ------------- 开始 -------------
2025-07-16 16:15:10.277 INFO  com.akine.mytrain.common.aspect.LogAspect         :54   [32m175265371026819n  [0;39m 请求地址: http://localhost:8001/member/hello GET
2025-07-16 16:15:10.278 INFO  com.akine.mytrain.common.aspect.LogAspect         :55   [32m175265371026819n  [0;39m 类名方法: com.akine.mytrain.member.controller.TestController.hello
2025-07-16 16:15:10.278 INFO  com.akine.mytrain.common.aspect.LogAspect         :56   [32m175265371026819n  [0;39m 远程地址: 127.0.0.1
2025-07-16 16:15:10.316 INFO  com.akine.mytrain.common.aspect.LogAspect         :77   [32m175265371026819n  [0;39m 请求参数: []
2025-07-16 16:15:10.317 INFO  com.akine.mytrain.common.aspect.LogAspect         :89   [32m175265371026819n  [0;39m 返回结果: "hello world!"
2025-07-16 16:15:10.317 INFO  com.akine.mytrain.common.aspect.LogAspect         :90   [32m175265371026819n  [0;39m ------------- 结束 耗时：49 ms -------------
2025-07-16 16:18:43.159 INFO  o.s.b.d.a.LocalDevToolsAutoConfiguration$RestartingClassPathChangeChangedEventListener:211  [32m                  [0;39m Restarting due to 3 class path changes (0 additions, 2 deletions, 1 modification)
2025-07-16 16:18:43.182 INFO  org.apache.coyote.http11.Http11NioProtocol        :173  [32m                  [0;39m Pausing ProtocolHandler ["http-nio-8001"]
2025-07-16 16:18:43.183 INFO  org.apache.catalina.core.StandardService          :173  [32m                  [0;39m Stopping service [Tomcat]
2025-07-16 16:18:43.192 INFO  o.a.c.c.C.[Tomcat].[localhost].[/member]          :173  [32m                  [0;39m Destroying Spring FrameworkServlet 'dispatcherServlet'
2025-07-16 16:18:43.217 INFO  org.apache.coyote.http11.Http11NioProtocol        :173  [32m                  [0;39m Stopping ProtocolHandler ["http-nio-8001"]
2025-07-16 16:18:43.222 INFO  org.apache.coyote.http11.Http11NioProtocol        :173  [32m                  [0;39m Destroying ProtocolHandler ["http-nio-8001"]
2025-07-16 16:18:43.619 INFO  com.akine.mytrain.member.config.MemberApplication :51   [32m                  [0;39m Starting MemberApplication using Java 17.0.15 with PID 29516 (E:\Project\mytrain\member\target\classes started by 29236 in E:\Project\mytrain)
2025-07-16 16:18:43.619 INFO  com.akine.mytrain.member.config.MemberApplication :633  [32m                  [0;39m No active profile set, falling back to 1 default profile: "default"
2025-07-16 16:18:43.803 INFO  o.springframework.cloud.context.scope.GenericScope:282  [32m                  [0;39m BeanFactory id=b1b328bd-00e4-350e-ba2c-772b15c4e43d
2025-07-16 16:18:43.972 INFO  o.s.boot.web.embedded.tomcat.TomcatWebServer      :108  [32m                  [0;39m Tomcat initialized with port(s): 8001 (http)
2025-07-16 16:18:43.973 INFO  org.apache.coyote.http11.Http11NioProtocol        :173  [32m                  [0;39m Initializing ProtocolHandler ["http-nio-8001"]
2025-07-16 16:18:43.973 INFO  org.apache.catalina.core.StandardService          :173  [32m                  [0;39m Starting service [Tomcat]
2025-07-16 16:18:43.974 INFO  org.apache.catalina.core.StandardEngine           :173  [32m                  [0;39m Starting Servlet engine: [Apache Tomcat/10.1.16]
2025-07-16 16:18:44.031 INFO  o.a.c.c.C.[Tomcat].[localhost].[/member]          :173  [32m                  [0;39m Initializing Spring embedded WebApplicationContext
2025-07-16 16:18:44.032 INFO  o.s.b.w.s.c.ServletWebServerApplicationContext    :291  [32m                  [0;39m Root WebApplicationContext: initialization completed in 410 ms
2025-07-16 16:18:44.361 INFO  o.s.b.d.autoconfigure.OptionalLiveReloadServer    :59   [32m                  [0;39m LiveReload server is running on port 35729
2025-07-16 16:18:44.661 INFO  org.apache.coyote.http11.Http11NioProtocol        :173  [32m                  [0;39m Starting ProtocolHandler ["http-nio-8001"]
2025-07-16 16:18:44.667 INFO  o.s.boot.web.embedded.tomcat.TomcatWebServer      :220  [32m                  [0;39m Tomcat started on port(s): 8001 (http) with context path '/member'
2025-07-16 16:18:44.936 INFO  com.akine.mytrain.member.config.MemberApplication :57   [32m                  [0;39m Started MemberApplication in 1.663 seconds (process running for 258.82)
2025-07-16 16:18:44.939 INFO  o.s.b.d.a.ConditionEvaluationDeltaLoggingListener :63   [32m                  [0;39m Condition evaluation unchanged
2025-07-16 16:18:44.940 INFO  com.akine.mytrain.member.config.MemberApplication :19   [32m                  [0;39m 启动成功！
2025-07-16 16:18:44.942 INFO  com.akine.mytrain.member.config.MemberApplication :20   [32m                  [0;39m 地址:	http://127.0.0.1:8001//member/hello
2025-07-16 16:18:45.773 INFO  o.s.b.d.a.LocalDevToolsAutoConfiguration$RestartingClassPathChangeChangedEventListener:211  [32m                  [0;39m Restarting due to 2 class path changes (2 additions, 0 deletions, 0 modifications)
2025-07-16 16:18:45.792 INFO  org.apache.coyote.http11.Http11NioProtocol        :173  [32m                  [0;39m Pausing ProtocolHandler ["http-nio-8001"]
2025-07-16 16:18:45.792 INFO  org.apache.catalina.core.StandardService          :173  [32m                  [0;39m Stopping service [Tomcat]
2025-07-16 16:18:45.794 INFO  org.apache.coyote.http11.Http11NioProtocol        :173  [32m                  [0;39m Stopping ProtocolHandler ["http-nio-8001"]
2025-07-16 16:18:45.794 INFO  org.apache.coyote.http11.Http11NioProtocol        :173  [32m                  [0;39m Destroying ProtocolHandler ["http-nio-8001"]
2025-07-16 16:18:46.137 INFO  com.akine.mytrain.member.config.MemberApplication :51   [32m                  [0;39m Starting MemberApplication using Java 17.0.15 with PID 29516 (E:\Project\mytrain\member\target\classes started by 29236 in E:\Project\mytrain)
2025-07-16 16:18:46.137 INFO  com.akine.mytrain.member.config.MemberApplication :633  [32m                  [0;39m No active profile set, falling back to 1 default profile: "default"
2025-07-16 16:18:46.319 INFO  o.springframework.cloud.context.scope.GenericScope:282  [32m                  [0;39m BeanFactory id=f6f011fc-650f-3835-98b9-7dec48088414
2025-07-16 16:18:46.423 INFO  o.s.boot.web.embedded.tomcat.TomcatWebServer      :108  [32m                  [0;39m Tomcat initialized with port(s): 8001 (http)
2025-07-16 16:18:46.424 INFO  org.apache.coyote.http11.Http11NioProtocol        :173  [32m                  [0;39m Initializing ProtocolHandler ["http-nio-8001"]
2025-07-16 16:18:46.424 INFO  org.apache.catalina.core.StandardService          :173  [32m                  [0;39m Starting service [Tomcat]
2025-07-16 16:18:46.424 INFO  org.apache.catalina.core.StandardEngine           :173  [32m                  [0;39m Starting Servlet engine: [Apache Tomcat/10.1.16]
2025-07-16 16:18:46.474 INFO  o.a.c.c.C.[Tomcat].[localhost].[/member]          :173  [32m                  [0;39m Initializing Spring embedded WebApplicationContext
2025-07-16 16:18:46.474 INFO  o.s.b.w.s.c.ServletWebServerApplicationContext    :291  [32m                  [0;39m Root WebApplicationContext: initialization completed in 335 ms
2025-07-16 16:18:46.779 INFO  o.s.b.d.autoconfigure.OptionalLiveReloadServer    :59   [32m                  [0;39m LiveReload server is running on port 35729
2025-07-16 16:18:47.085 INFO  org.apache.coyote.http11.Http11NioProtocol        :173  [32m                  [0;39m Starting ProtocolHandler ["http-nio-8001"]
2025-07-16 16:18:47.090 INFO  o.s.boot.web.embedded.tomcat.TomcatWebServer      :220  [32m                  [0;39m Tomcat started on port(s): 8001 (http) with context path '/member'
2025-07-16 16:18:47.404 INFO  com.akine.mytrain.member.config.MemberApplication :57   [32m                  [0;39m Started MemberApplication in 1.565 seconds (process running for 261.287)
2025-07-16 16:18:47.406 INFO  o.s.b.d.a.ConditionEvaluationDeltaLoggingListener :63   [32m                  [0;39m Condition evaluation unchanged
2025-07-16 16:18:47.406 INFO  com.akine.mytrain.member.config.MemberApplication :19   [32m                  [0;39m 启动成功！
2025-07-16 16:18:47.406 INFO  com.akine.mytrain.member.config.MemberApplication :20   [32m                  [0;39m 地址:	http://127.0.0.1:8001//member/hello
2025-07-16 16:23:48.776 INFO  o.s.b.d.a.LocalDevToolsAutoConfiguration$RestartingClassPathChangeChangedEventListener:211  [32m                  [0;39m Restarting due to 2 class path changes (0 additions, 2 deletions, 0 modifications)
2025-07-16 16:23:48.817 INFO  org.apache.coyote.http11.Http11NioProtocol        :173  [32m                  [0;39m Pausing ProtocolHandler ["http-nio-8001"]
2025-07-16 16:23:48.821 INFO  org.apache.catalina.core.StandardService          :173  [32m                  [0;39m Stopping service [Tomcat]
2025-07-16 16:23:48.823 INFO  org.apache.coyote.http11.Http11NioProtocol        :173  [32m                  [0;39m Stopping ProtocolHandler ["http-nio-8001"]
2025-07-16 16:23:48.825 INFO  org.apache.coyote.http11.Http11NioProtocol        :173  [32m                  [0;39m Destroying ProtocolHandler ["http-nio-8001"]
2025-07-16 16:23:49.320 INFO  com.akine.mytrain.member.config.MemberApplication :51   [32m                  [0;39m Starting MemberApplication using Java 17.0.15 with PID 29516 (E:\Project\mytrain\member\target\classes started by 29236 in E:\Project\mytrain)
2025-07-16 16:23:49.321 INFO  com.akine.mytrain.member.config.MemberApplication :633  [32m                  [0;39m No active profile set, falling back to 1 default profile: "default"
2025-07-16 16:23:49.510 INFO  o.springframework.cloud.context.scope.GenericScope:282  [32m                  [0;39m BeanFactory id=66b0c494-6052-3430-b26e-3ea275ac1f54
2025-07-16 16:23:49.599 INFO  o.s.boot.web.embedded.tomcat.TomcatWebServer      :108  [32m                  [0;39m Tomcat initialized with port(s): 8001 (http)
2025-07-16 16:23:49.600 INFO  org.apache.coyote.http11.Http11NioProtocol        :173  [32m                  [0;39m Initializing ProtocolHandler ["http-nio-8001"]
2025-07-16 16:23:49.600 INFO  org.apache.catalina.core.StandardService          :173  [32m                  [0;39m Starting service [Tomcat]
2025-07-16 16:23:49.600 INFO  org.apache.catalina.core.StandardEngine           :173  [32m                  [0;39m Starting Servlet engine: [Apache Tomcat/10.1.16]
2025-07-16 16:23:49.656 INFO  o.a.c.c.C.[Tomcat].[localhost].[/member]          :173  [32m                  [0;39m Initializing Spring embedded WebApplicationContext
2025-07-16 16:23:49.657 INFO  o.s.b.w.s.c.ServletWebServerApplicationContext    :291  [32m                  [0;39m Root WebApplicationContext: initialization completed in 333 ms
2025-07-16 16:23:49.747 INFO  o.s.b.d.autoconfigure.OptionalLiveReloadServer    :59   [32m                  [0;39m LiveReload server is running on port 35729
2025-07-16 16:23:50.197 INFO  org.apache.coyote.http11.Http11NioProtocol        :173  [32m                  [0;39m Starting ProtocolHandler ["http-nio-8001"]
2025-07-16 16:23:50.203 INFO  o.s.boot.web.embedded.tomcat.TomcatWebServer      :220  [32m                  [0;39m Tomcat started on port(s): 8001 (http) with context path '/member'
2025-07-16 16:23:50.520 INFO  com.akine.mytrain.member.config.MemberApplication :57   [32m                  [0;39m Started MemberApplication in 1.656 seconds (process running for 564.403)
2025-07-16 16:23:50.522 INFO  o.s.b.d.a.ConditionEvaluationDeltaLoggingListener :63   [32m                  [0;39m Condition evaluation unchanged
2025-07-16 16:23:50.523 INFO  com.akine.mytrain.member.config.MemberApplication :19   [32m                  [0;39m 启动成功！
2025-07-16 16:23:50.524 INFO  com.akine.mytrain.member.config.MemberApplication :20   [32m                  [0;39m 地址:	http://127.0.0.1:8001//member/hello
2025-07-16 16:31:40.414 INFO  com.akine.mytrain.member.config.MemberApplication :51   [32m                  [0;39m Starting MemberApplication using Java 17.0.15 with PID 35404 (E:\Project\mytrain\member\target\classes started by 29236 in E:\Project\mytrain)
2025-07-16 16:31:40.416 INFO  com.akine.mytrain.member.config.MemberApplication :633  [32m                  [0;39m No active profile set, falling back to 1 default profile: "default"
2025-07-16 16:31:40.474 INFO  o.s.b.d.env.DevToolsPropertyDefaultsPostProcessor :250  [32m                  [0;39m Devtools property defaults active! Set 'spring.devtools.add-properties' to 'false' to disable
2025-07-16 16:31:40.475 INFO  o.s.b.d.env.DevToolsPropertyDefaultsPostProcessor :250  [32m                  [0;39m For additional web related logging consider setting the 'logging.level.web' property to 'DEBUG'
2025-07-16 16:31:41.269 INFO  o.springframework.cloud.context.scope.GenericScope:282  [32m                  [0;39m BeanFactory id=f6f011fc-650f-3835-98b9-7dec48088414
2025-07-16 16:31:42.383 INFO  o.s.boot.web.embedded.tomcat.TomcatWebServer      :108  [32m                  [0;39m Tomcat initialized with port(s): 8001 (http)
2025-07-16 16:31:42.393 INFO  org.apache.coyote.http11.Http11NioProtocol        :173  [32m                  [0;39m Initializing ProtocolHandler ["http-nio-8001"]
2025-07-16 16:31:42.396 INFO  org.apache.catalina.core.StandardService          :173  [32m                  [0;39m Starting service [Tomcat]
2025-07-16 16:31:42.396 INFO  org.apache.catalina.core.StandardEngine           :173  [32m                  [0;39m Starting Servlet engine: [Apache Tomcat/10.1.16]
2025-07-16 16:31:42.508 INFO  o.a.c.c.C.[Tomcat].[localhost].[/member]          :173  [32m                  [0;39m Initializing Spring embedded WebApplicationContext
2025-07-16 16:31:42.508 INFO  o.s.b.w.s.c.ServletWebServerApplicationContext    :291  [32m                  [0;39m Root WebApplicationContext: initialization completed in 2032 ms
2025-07-16 16:31:43.384 INFO  o.s.b.d.autoconfigure.OptionalLiveReloadServer    :59   [32m                  [0;39m LiveReload server is running on port 35729
2025-07-16 16:31:43.977 INFO  org.apache.coyote.http11.Http11NioProtocol        :173  [32m                  [0;39m Starting ProtocolHandler ["http-nio-8001"]
2025-07-16 16:31:44.004 INFO  o.s.boot.web.embedded.tomcat.TomcatWebServer      :220  [32m                  [0;39m Tomcat started on port(s): 8001 (http) with context path '/member'
2025-07-16 16:31:44.334 INFO  com.akine.mytrain.member.config.MemberApplication :57   [32m                  [0;39m Started MemberApplication in 4.754 seconds (process running for 5.576)
2025-07-16 16:31:44.338 INFO  com.akine.mytrain.member.config.MemberApplication :19   [32m                  [0;39m 启动成功！
2025-07-16 16:31:44.339 INFO  com.akine.mytrain.member.config.MemberApplication :20   [32m                  [0;39m 地址:	http://127.0.0.1:8001//member/hello
2025-07-16 16:31:49.074 INFO  o.a.c.c.C.[Tomcat].[localhost].[/member]          :173  [32m                  [0;39m Initializing Spring DispatcherServlet 'dispatcherServlet'
2025-07-16 16:31:49.074 INFO  org.springframework.web.servlet.DispatcherServlet :532  [32m                  [0;39m Initializing Servlet 'dispatcherServlet'
2025-07-16 16:31:49.076 INFO  org.springframework.web.servlet.DispatcherServlet :554  [32m                  [0;39m Completed initialization in 0 ms
2025-07-16 16:31:49.135 INFO  com.akine.mytrain.common.aspect.LogAspect         :53   [32m175265470912837z  [0;39m ------------- 开始 -------------
2025-07-16 16:31:49.136 INFO  com.akine.mytrain.common.aspect.LogAspect         :54   [32m175265470912837z  [0;39m 请求地址: http://localhost:8001/member/hello GET
2025-07-16 16:31:49.136 INFO  com.akine.mytrain.common.aspect.LogAspect         :55   [32m175265470912837z  [0;39m 类名方法: com.akine.mytrain.member.controller.TestController.hello
2025-07-16 16:31:49.136 INFO  com.akine.mytrain.common.aspect.LogAspect         :56   [32m175265470912837z  [0;39m 远程地址: 127.0.0.1
2025-07-16 16:31:49.176 INFO  com.akine.mytrain.common.aspect.LogAspect         :77   [32m175265470912837z  [0;39m 请求参数: []
2025-07-16 16:31:49.176 INFO  com.akine.mytrain.common.aspect.LogAspect         :89   [32m175265470912837z  [0;39m 返回结果: "hello world!"
2025-07-16 16:31:49.177 INFO  com.akine.mytrain.common.aspect.LogAspect         :90   [32m175265470912837z  [0;39m ------------- 结束 耗时：49 ms -------------
2025-07-16 16:35:14.047 INFO  o.s.b.d.a.LocalDevToolsAutoConfiguration$RestartingClassPathChangeChangedEventListener:211  [32m                  [0;39m Restarting due to 3 class path changes (0 additions, 3 deletions, 0 modifications)
2025-07-16 16:35:14.070 INFO  org.apache.coyote.http11.Http11NioProtocol        :173  [32m                  [0;39m Pausing ProtocolHandler ["http-nio-8001"]
2025-07-16 16:35:14.070 INFO  org.apache.catalina.core.StandardService          :173  [32m                  [0;39m Stopping service [Tomcat]
2025-07-16 16:35:14.071 INFO  o.a.c.c.C.[Tomcat].[localhost].[/member]          :173  [32m                  [0;39m Destroying Spring FrameworkServlet 'dispatcherServlet'
2025-07-16 16:35:14.076 INFO  org.apache.coyote.http11.Http11NioProtocol        :173  [32m                  [0;39m Stopping ProtocolHandler ["http-nio-8001"]
2025-07-16 16:35:14.080 INFO  org.apache.coyote.http11.Http11NioProtocol        :173  [32m                  [0;39m Destroying ProtocolHandler ["http-nio-8001"]
2025-07-16 16:35:14.510 INFO  com.akine.mytrain.member.config.MemberApplication :51   [32m                  [0;39m Starting MemberApplication using Java 17.0.15 with PID 35404 (E:\Project\mytrain\member\target\classes started by 29236 in E:\Project\mytrain)
2025-07-16 16:35:14.511 INFO  com.akine.mytrain.member.config.MemberApplication :633  [32m                  [0;39m No active profile set, falling back to 1 default profile: "default"
2025-07-16 16:35:14.716 INFO  o.springframework.cloud.context.scope.GenericScope:282  [32m                  [0;39m BeanFactory id=1730256b-0bd2-3218-86e4-d5277722ae7d
2025-07-16 16:35:14.773 INFO  o.s.boot.web.embedded.tomcat.TomcatWebServer      :108  [32m                  [0;39m Tomcat initialized with port(s): 8001 (http)
2025-07-16 16:35:14.773 INFO  org.apache.coyote.http11.Http11NioProtocol        :173  [32m                  [0;39m Initializing ProtocolHandler ["http-nio-8001"]
2025-07-16 16:35:14.774 INFO  org.apache.catalina.core.StandardService          :173  [32m                  [0;39m Starting service [Tomcat]
2025-07-16 16:35:14.774 INFO  org.apache.catalina.core.StandardEngine           :173  [32m                  [0;39m Starting Servlet engine: [Apache Tomcat/10.1.16]
2025-07-16 16:35:14.837 INFO  o.a.c.c.C.[Tomcat].[localhost].[/member]          :173  [32m                  [0;39m Initializing Spring embedded WebApplicationContext
2025-07-16 16:35:14.838 INFO  o.s.b.w.s.c.ServletWebServerApplicationContext    :291  [32m                  [0;39m Root WebApplicationContext: initialization completed in 323 ms
2025-07-16 16:35:14.921 INFO  o.s.b.d.autoconfigure.OptionalLiveReloadServer    :59   [32m                  [0;39m LiveReload server is running on port 35729
2025-07-16 16:35:15.286 INFO  org.apache.coyote.http11.Http11NioProtocol        :173  [32m                  [0;39m Starting ProtocolHandler ["http-nio-8001"]
2025-07-16 16:35:15.292 INFO  o.s.boot.web.embedded.tomcat.TomcatWebServer      :220  [32m                  [0;39m Tomcat started on port(s): 8001 (http) with context path '/member'
2025-07-16 16:35:15.579 INFO  com.akine.mytrain.member.config.MemberApplication :57   [32m                  [0;39m Started MemberApplication in 1.462 seconds (process running for 216.821)
2025-07-16 16:35:15.581 INFO  o.s.b.d.a.ConditionEvaluationDeltaLoggingListener :63   [32m                  [0;39m Condition evaluation unchanged
2025-07-16 16:35:15.582 INFO  com.akine.mytrain.member.config.MemberApplication :19   [32m                  [0;39m 启动成功！
2025-07-16 16:35:15.584 INFO  com.akine.mytrain.member.config.MemberApplication :20   [32m                  [0;39m 地址:	http://127.0.0.1:8001//member/hello
2025-07-16 16:35:17.335 INFO  o.s.b.d.a.LocalDevToolsAutoConfiguration$RestartingClassPathChangeChangedEventListener:211  [32m                  [0;39m Restarting due to 2 class path changes (2 additions, 0 deletions, 0 modifications)
2025-07-16 16:35:17.363 INFO  org.apache.coyote.http11.Http11NioProtocol        :173  [32m                  [0;39m Pausing ProtocolHandler ["http-nio-8001"]
2025-07-16 16:35:17.364 INFO  org.apache.catalina.core.StandardService          :173  [32m                  [0;39m Stopping service [Tomcat]
2025-07-16 16:35:17.366 INFO  org.apache.coyote.http11.Http11NioProtocol        :173  [32m                  [0;39m Stopping ProtocolHandler ["http-nio-8001"]
2025-07-16 16:35:17.367 INFO  org.apache.coyote.http11.Http11NioProtocol        :173  [32m                  [0;39m Destroying ProtocolHandler ["http-nio-8001"]
2025-07-16 16:35:17.744 INFO  com.akine.mytrain.member.config.MemberApplication :51   [32m                  [0;39m Starting MemberApplication using Java 17.0.15 with PID 35404 (E:\Project\mytrain\member\target\classes started by 29236 in E:\Project\mytrain)
2025-07-16 16:35:17.744 INFO  com.akine.mytrain.member.config.MemberApplication :633  [32m                  [0;39m No active profile set, falling back to 1 default profile: "default"
2025-07-16 16:35:17.916 INFO  o.springframework.cloud.context.scope.GenericScope:282  [32m                  [0;39m BeanFactory id=66b0c494-6052-3430-b26e-3ea275ac1f54
2025-07-16 16:35:17.960 INFO  o.s.boot.web.embedded.tomcat.TomcatWebServer      :108  [32m                  [0;39m Tomcat initialized with port(s): 8001 (http)
2025-07-16 16:35:17.961 INFO  org.apache.coyote.http11.Http11NioProtocol        :173  [32m                  [0;39m Initializing ProtocolHandler ["http-nio-8001"]
2025-07-16 16:35:17.961 INFO  org.apache.catalina.core.StandardService          :173  [32m                  [0;39m Starting service [Tomcat]
2025-07-16 16:35:17.961 INFO  org.apache.catalina.core.StandardEngine           :173  [32m                  [0;39m Starting Servlet engine: [Apache Tomcat/10.1.16]
2025-07-16 16:35:18.012 INFO  o.a.c.c.C.[Tomcat].[localhost].[/member]          :173  [32m                  [0;39m Initializing Spring embedded WebApplicationContext
2025-07-16 16:35:18.012 INFO  o.s.b.w.s.c.ServletWebServerApplicationContext    :291  [32m                  [0;39m Root WebApplicationContext: initialization completed in 265 ms
2025-07-16 16:35:18.076 INFO  o.s.b.d.autoconfigure.OptionalLiveReloadServer    :59   [32m                  [0;39m LiveReload server is running on port 35729
2025-07-16 16:35:18.375 INFO  org.apache.coyote.http11.Http11NioProtocol        :173  [32m                  [0;39m Starting ProtocolHandler ["http-nio-8001"]
2025-07-16 16:35:18.380 INFO  o.s.boot.web.embedded.tomcat.TomcatWebServer      :220  [32m                  [0;39m Tomcat started on port(s): 8001 (http) with context path '/member'
2025-07-16 16:35:18.831 INFO  com.akine.mytrain.member.config.MemberApplication :57   [32m                  [0;39m Started MemberApplication in 1.419 seconds (process running for 220.073)
2025-07-16 16:35:18.832 INFO  o.s.b.d.a.ConditionEvaluationDeltaLoggingListener :63   [32m                  [0;39m Condition evaluation unchanged
2025-07-16 16:35:18.833 INFO  com.akine.mytrain.member.config.MemberApplication :19   [32m                  [0;39m 启动成功！
2025-07-16 16:35:18.833 INFO  com.akine.mytrain.member.config.MemberApplication :20   [32m                  [0;39m 地址:	http://127.0.0.1:8001//member/hello
2025-07-16 16:37:13.650 INFO  o.s.b.d.a.LocalDevToolsAutoConfiguration$RestartingClassPathChangeChangedEventListener:211  [32m                  [0;39m Restarting due to 1 class path change (0 additions, 1 deletion, 0 modifications)
2025-07-16 16:37:13.667 INFO  org.apache.coyote.http11.Http11NioProtocol        :173  [32m                  [0;39m Pausing ProtocolHandler ["http-nio-8001"]
2025-07-16 16:37:13.667 INFO  org.apache.catalina.core.StandardService          :173  [32m                  [0;39m Stopping service [Tomcat]
2025-07-16 16:37:13.669 INFO  org.apache.coyote.http11.Http11NioProtocol        :173  [32m                  [0;39m Stopping ProtocolHandler ["http-nio-8001"]
2025-07-16 16:37:13.670 INFO  org.apache.coyote.http11.Http11NioProtocol        :173  [32m                  [0;39m Destroying ProtocolHandler ["http-nio-8001"]
2025-07-16 16:37:14.031 INFO  com.akine.mytrain.member.config.MemberApplication :51   [32m                  [0;39m Starting MemberApplication using Java 17.0.15 with PID 35404 (E:\Project\mytrain\member\target\classes started by 29236 in E:\Project\mytrain)
2025-07-16 16:37:14.031 INFO  com.akine.mytrain.member.config.MemberApplication :633  [32m                  [0;39m No active profile set, falling back to 1 default profile: "default"
2025-07-16 16:37:14.178 INFO  o.springframework.cloud.context.scope.GenericScope:282  [32m                  [0;39m BeanFactory id=66b0c494-6052-3430-b26e-3ea275ac1f54
2025-07-16 16:37:14.215 INFO  o.s.boot.web.embedded.tomcat.TomcatWebServer      :108  [32m                  [0;39m Tomcat initialized with port(s): 8001 (http)
2025-07-16 16:37:14.216 INFO  org.apache.coyote.http11.Http11NioProtocol        :173  [32m                  [0;39m Initializing ProtocolHandler ["http-nio-8001"]
2025-07-16 16:37:14.216 INFO  org.apache.catalina.core.StandardService          :173  [32m                  [0;39m Starting service [Tomcat]
2025-07-16 16:37:14.216 INFO  org.apache.catalina.core.StandardEngine           :173  [32m                  [0;39m Starting Servlet engine: [Apache Tomcat/10.1.16]
2025-07-16 16:37:14.262 INFO  o.a.c.c.C.[Tomcat].[localhost].[/member]          :173  [32m                  [0;39m Initializing Spring embedded WebApplicationContext
2025-07-16 16:37:14.262 INFO  o.s.b.w.s.c.ServletWebServerApplicationContext    :291  [32m                  [0;39m Root WebApplicationContext: initialization completed in 229 ms
2025-07-16 16:37:14.318 INFO  o.s.b.d.autoconfigure.OptionalLiveReloadServer    :59   [32m                  [0;39m LiveReload server is running on port 35729
2025-07-16 16:37:14.604 INFO  org.apache.coyote.http11.Http11NioProtocol        :173  [32m                  [0;39m Starting ProtocolHandler ["http-nio-8001"]
2025-07-16 16:37:14.609 INFO  o.s.boot.web.embedded.tomcat.TomcatWebServer      :220  [32m                  [0;39m Tomcat started on port(s): 8001 (http) with context path '/member'
2025-07-16 16:37:14.896 INFO  com.akine.mytrain.member.config.MemberApplication :57   [32m                  [0;39m Started MemberApplication in 1.19 seconds (process running for 336.139)
2025-07-16 16:37:14.898 INFO  o.s.b.d.a.ConditionEvaluationDeltaLoggingListener :63   [32m                  [0;39m Condition evaluation unchanged
2025-07-16 16:37:14.898 INFO  com.akine.mytrain.member.config.MemberApplication :19   [32m                  [0;39m 启动成功！
2025-07-16 16:37:14.898 INFO  com.akine.mytrain.member.config.MemberApplication :20   [32m                  [0;39m 地址:	http://127.0.0.1:8001//member/hello
2025-07-16 16:37:16.962 INFO  o.s.b.d.a.LocalDevToolsAutoConfiguration$RestartingClassPathChangeChangedEventListener:211  [32m                  [0;39m Restarting due to 5 class path changes (3 additions, 2 deletions, 0 modifications)
2025-07-16 16:37:16.988 INFO  org.apache.coyote.http11.Http11NioProtocol        :173  [32m                  [0;39m Pausing ProtocolHandler ["http-nio-8001"]
2025-07-16 16:37:16.988 INFO  org.apache.catalina.core.StandardService          :173  [32m                  [0;39m Stopping service [Tomcat]
2025-07-16 16:37:16.990 INFO  org.apache.coyote.http11.Http11NioProtocol        :173  [32m                  [0;39m Stopping ProtocolHandler ["http-nio-8001"]
2025-07-16 16:37:16.991 INFO  org.apache.coyote.http11.Http11NioProtocol        :173  [32m                  [0;39m Destroying ProtocolHandler ["http-nio-8001"]
2025-07-16 16:37:17.341 INFO  com.akine.mytrain.member.config.MemberApplication :51   [32m                  [0;39m Starting MemberApplication using Java 17.0.15 with PID 35404 (E:\Project\mytrain\member\target\classes started by 29236 in E:\Project\mytrain)
2025-07-16 16:37:17.342 INFO  com.akine.mytrain.member.config.MemberApplication :633  [32m                  [0;39m No active profile set, falling back to 1 default profile: "default"
2025-07-16 16:37:17.494 INFO  o.springframework.cloud.context.scope.GenericScope:282  [32m                  [0;39m BeanFactory id=66b0c494-6052-3430-b26e-3ea275ac1f54
2025-07-16 16:37:17.531 INFO  o.s.boot.web.embedded.tomcat.TomcatWebServer      :108  [32m                  [0;39m Tomcat initialized with port(s): 8001 (http)
2025-07-16 16:37:17.532 INFO  org.apache.coyote.http11.Http11NioProtocol        :173  [32m                  [0;39m Initializing ProtocolHandler ["http-nio-8001"]
2025-07-16 16:37:17.532 INFO  org.apache.catalina.core.StandardService          :173  [32m                  [0;39m Starting service [Tomcat]
2025-07-16 16:37:17.532 INFO  org.apache.catalina.core.StandardEngine           :173  [32m                  [0;39m Starting Servlet engine: [Apache Tomcat/10.1.16]
2025-07-16 16:37:17.577 INFO  o.a.c.c.C.[Tomcat].[localhost].[/member]          :173  [32m                  [0;39m Initializing Spring embedded WebApplicationContext
2025-07-16 16:37:17.578 INFO  o.s.b.w.s.c.ServletWebServerApplicationContext    :291  [32m                  [0;39m Root WebApplicationContext: initialization completed in 234 ms
2025-07-16 16:37:17.637 INFO  o.s.b.d.autoconfigure.OptionalLiveReloadServer    :59   [32m                  [0;39m LiveReload server is running on port 35729
2025-07-16 16:37:17.943 INFO  org.apache.coyote.http11.Http11NioProtocol        :173  [32m                  [0;39m Starting ProtocolHandler ["http-nio-8001"]
2025-07-16 16:37:17.948 INFO  o.s.boot.web.embedded.tomcat.TomcatWebServer      :220  [32m                  [0;39m Tomcat started on port(s): 8001 (http) with context path '/member'
2025-07-16 16:37:18.372 INFO  com.akine.mytrain.member.config.MemberApplication :57   [32m                  [0;39m Started MemberApplication in 1.344 seconds (process running for 339.614)
2025-07-16 16:37:18.373 INFO  o.s.b.d.a.ConditionEvaluationDeltaLoggingListener :63   [32m                  [0;39m Condition evaluation unchanged
2025-07-16 16:37:18.373 INFO  com.akine.mytrain.member.config.MemberApplication :19   [32m                  [0;39m 启动成功！
2025-07-16 16:37:18.373 INFO  com.akine.mytrain.member.config.MemberApplication :20   [32m                  [0;39m 地址:	http://127.0.0.1:8001//member/hello
2025-07-16 16:37:52.583 INFO  o.s.b.d.a.LocalDevToolsAutoConfiguration$RestartingClassPathChangeChangedEventListener:211  [32m                  [0;39m Restarting due to 1 class path change (0 additions, 1 deletion, 0 modifications)
2025-07-16 16:37:52.601 INFO  org.apache.coyote.http11.Http11NioProtocol        :173  [32m                  [0;39m Pausing ProtocolHandler ["http-nio-8001"]
2025-07-16 16:37:52.602 INFO  org.apache.catalina.core.StandardService          :173  [32m                  [0;39m Stopping service [Tomcat]
2025-07-16 16:37:52.603 INFO  org.apache.coyote.http11.Http11NioProtocol        :173  [32m                  [0;39m Stopping ProtocolHandler ["http-nio-8001"]
2025-07-16 16:37:52.605 INFO  org.apache.coyote.http11.Http11NioProtocol        :173  [32m                  [0;39m Destroying ProtocolHandler ["http-nio-8001"]
2025-07-16 16:37:53.068 INFO  com.akine.mytrain.member.config.MemberApplication :51   [32m                  [0;39m Starting MemberApplication using Java 17.0.15 with PID 35404 (E:\Project\mytrain\member\target\classes started by 29236 in E:\Project\mytrain)
2025-07-16 16:37:53.069 INFO  com.akine.mytrain.member.config.MemberApplication :633  [32m                  [0;39m No active profile set, falling back to 1 default profile: "default"
2025-07-16 16:37:53.216 INFO  o.springframework.cloud.context.scope.GenericScope:282  [32m                  [0;39m BeanFactory id=66b0c494-6052-3430-b26e-3ea275ac1f54
2025-07-16 16:37:53.255 INFO  o.s.boot.web.embedded.tomcat.TomcatWebServer      :108  [32m                  [0;39m Tomcat initialized with port(s): 8001 (http)
2025-07-16 16:37:53.256 INFO  org.apache.coyote.http11.Http11NioProtocol        :173  [32m                  [0;39m Initializing ProtocolHandler ["http-nio-8001"]
2025-07-16 16:37:53.256 INFO  org.apache.catalina.core.StandardService          :173  [32m                  [0;39m Starting service [Tomcat]
2025-07-16 16:37:53.256 INFO  org.apache.catalina.core.StandardEngine           :173  [32m                  [0;39m Starting Servlet engine: [Apache Tomcat/10.1.16]
2025-07-16 16:37:53.303 INFO  o.a.c.c.C.[Tomcat].[localhost].[/member]          :173  [32m                  [0;39m Initializing Spring embedded WebApplicationContext
2025-07-16 16:37:53.303 INFO  o.s.b.w.s.c.ServletWebServerApplicationContext    :291  [32m                  [0;39m Root WebApplicationContext: initialization completed in 231 ms
2025-07-16 16:37:53.356 INFO  o.s.b.d.autoconfigure.OptionalLiveReloadServer    :59   [32m                  [0;39m LiveReload server is running on port 35729
2025-07-16 16:37:53.631 INFO  org.apache.coyote.http11.Http11NioProtocol        :173  [32m                  [0;39m Starting ProtocolHandler ["http-nio-8001"]
2025-07-16 16:37:53.635 INFO  o.s.boot.web.embedded.tomcat.TomcatWebServer      :220  [32m                  [0;39m Tomcat started on port(s): 8001 (http) with context path '/member'
2025-07-16 16:37:53.892 INFO  com.akine.mytrain.member.config.MemberApplication :57   [32m                  [0;39m Started MemberApplication in 1.245 seconds (process running for 375.134)
2025-07-16 16:37:53.893 INFO  o.s.b.d.a.ConditionEvaluationDeltaLoggingListener :63   [32m                  [0;39m Condition evaluation unchanged
2025-07-16 16:37:53.893 INFO  com.akine.mytrain.member.config.MemberApplication :19   [32m                  [0;39m 启动成功！
2025-07-16 16:37:53.893 INFO  com.akine.mytrain.member.config.MemberApplication :20   [32m                  [0;39m 地址:	http://127.0.0.1:8001//member/hello
2025-07-16 16:37:55.773 INFO  o.s.b.d.a.LocalDevToolsAutoConfiguration$RestartingClassPathChangeChangedEventListener:211  [32m                  [0;39m Restarting due to 1 class path change (1 addition, 0 deletions, 0 modifications)
2025-07-16 16:37:55.791 INFO  org.apache.coyote.http11.Http11NioProtocol        :173  [32m                  [0;39m Pausing ProtocolHandler ["http-nio-8001"]
2025-07-16 16:37:55.791 INFO  org.apache.catalina.core.StandardService          :173  [32m                  [0;39m Stopping service [Tomcat]
2025-07-16 16:37:55.792 INFO  org.apache.coyote.http11.Http11NioProtocol        :173  [32m                  [0;39m Stopping ProtocolHandler ["http-nio-8001"]
2025-07-16 16:37:55.793 INFO  org.apache.coyote.http11.Http11NioProtocol        :173  [32m                  [0;39m Destroying ProtocolHandler ["http-nio-8001"]
2025-07-16 16:37:56.119 INFO  com.akine.mytrain.member.config.MemberApplication :51   [32m                  [0;39m Starting MemberApplication using Java 17.0.15 with PID 35404 (E:\Project\mytrain\member\target\classes started by 29236 in E:\Project\mytrain)
2025-07-16 16:37:56.119 INFO  com.akine.mytrain.member.config.MemberApplication :633  [32m                  [0;39m No active profile set, falling back to 1 default profile: "default"
2025-07-16 16:37:56.258 INFO  o.springframework.cloud.context.scope.GenericScope:282  [32m                  [0;39m BeanFactory id=f6f011fc-650f-3835-98b9-7dec48088414
2025-07-16 16:37:56.353 INFO  o.s.boot.web.embedded.tomcat.TomcatWebServer      :108  [32m                  [0;39m Tomcat initialized with port(s): 8001 (http)
2025-07-16 16:37:56.353 INFO  org.apache.coyote.http11.Http11NioProtocol        :173  [32m                  [0;39m Initializing ProtocolHandler ["http-nio-8001"]
2025-07-16 16:37:56.353 INFO  org.apache.catalina.core.StandardService          :173  [32m                  [0;39m Starting service [Tomcat]
2025-07-16 16:37:56.354 INFO  org.apache.catalina.core.StandardEngine           :173  [32m                  [0;39m Starting Servlet engine: [Apache Tomcat/10.1.16]
2025-07-16 16:37:56.400 INFO  o.a.c.c.C.[Tomcat].[localhost].[/member]          :173  [32m                  [0;39m Initializing Spring embedded WebApplicationContext
2025-07-16 16:37:56.400 INFO  o.s.b.w.s.c.ServletWebServerApplicationContext    :291  [32m                  [0;39m Root WebApplicationContext: initialization completed in 279 ms
2025-07-16 16:37:56.683 INFO  o.s.b.d.autoconfigure.OptionalLiveReloadServer    :59   [32m                  [0;39m LiveReload server is running on port 35729
2025-07-16 16:37:57.053 INFO  org.apache.coyote.http11.Http11NioProtocol        :173  [32m                  [0;39m Starting ProtocolHandler ["http-nio-8001"]
2025-07-16 16:37:57.059 INFO  o.s.boot.web.embedded.tomcat.TomcatWebServer      :220  [32m                  [0;39m Tomcat started on port(s): 8001 (http) with context path '/member'
2025-07-16 16:37:57.346 INFO  com.akine.mytrain.member.config.MemberApplication :57   [32m                  [0;39m Started MemberApplication in 1.515 seconds (process running for 378.589)
2025-07-16 16:37:57.348 INFO  o.s.b.d.a.ConditionEvaluationDeltaLoggingListener :63   [32m                  [0;39m Condition evaluation unchanged
2025-07-16 16:37:57.348 INFO  com.akine.mytrain.member.config.MemberApplication :19   [32m                  [0;39m 启动成功！
2025-07-16 16:37:57.349 INFO  com.akine.mytrain.member.config.MemberApplication :20   [32m                  [0;39m 地址:	http://127.0.0.1:8001//member/hello
2025-07-16 17:53:26.094 INFO  com.akine.mytrain.member.config.MemberApplication :51   [32m                  [0;39m Starting MemberApplication using Java 17.0.15 with PID 31408 (E:\Project\mytrain\member\target\classes started by 29236 in E:\Project\mytrain)
2025-07-16 17:53:26.097 INFO  com.akine.mytrain.member.config.MemberApplication :633  [32m                  [0;39m No active profile set, falling back to 1 default profile: "default"
2025-07-16 17:53:26.152 INFO  o.s.b.d.env.DevToolsPropertyDefaultsPostProcessor :250  [32m                  [0;39m Devtools property defaults active! Set 'spring.devtools.add-properties' to 'false' to disable
2025-07-16 17:53:26.153 INFO  o.s.b.d.env.DevToolsPropertyDefaultsPostProcessor :250  [32m                  [0;39m For additional web related logging consider setting the 'logging.level.web' property to 'DEBUG'
2025-07-16 17:53:26.819 INFO  o.springframework.cloud.context.scope.GenericScope:282  [32m                  [0;39m BeanFactory id=66b0c494-6052-3430-b26e-3ea275ac1f54
2025-07-16 17:53:27.434 INFO  o.s.boot.web.embedded.tomcat.TomcatWebServer      :108  [32m                  [0;39m Tomcat initialized with port(s): 8001 (http)
2025-07-16 17:53:27.443 INFO  org.apache.coyote.http11.Http11NioProtocol        :173  [32m                  [0;39m Initializing ProtocolHandler ["http-nio-8001"]
2025-07-16 17:53:27.446 INFO  org.apache.catalina.core.StandardService          :173  [32m                  [0;39m Starting service [Tomcat]
2025-07-16 17:53:27.448 INFO  org.apache.catalina.core.StandardEngine           :173  [32m                  [0;39m Starting Servlet engine: [Apache Tomcat/10.1.16]
2025-07-16 17:53:27.549 INFO  o.a.c.c.C.[Tomcat].[localhost].[/member]          :173  [32m                  [0;39m Initializing Spring embedded WebApplicationContext
2025-07-16 17:53:27.550 INFO  o.s.b.w.s.c.ServletWebServerApplicationContext    :291  [32m                  [0;39m Root WebApplicationContext: initialization completed in 1396 ms
2025-07-16 17:53:27.911 INFO  o.s.b.d.autoconfigure.OptionalLiveReloadServer    :59   [32m                  [0;39m LiveReload server is running on port 35729
2025-07-16 17:53:28.296 INFO  org.apache.coyote.http11.Http11NioProtocol        :173  [32m                  [0;39m Starting ProtocolHandler ["http-nio-8001"]
2025-07-16 17:53:28.324 INFO  o.s.boot.web.embedded.tomcat.TomcatWebServer      :220  [32m                  [0;39m Tomcat started on port(s): 8001 (http) with context path '/member'
2025-07-16 17:53:28.700 INFO  com.akine.mytrain.member.config.MemberApplication :57   [32m                  [0;39m Started MemberApplication in 3.462 seconds (process running for 4.269)
2025-07-16 17:53:28.704 INFO  com.akine.mytrain.member.config.MemberApplication :19   [32m                  [0;39m 启动成功！
2025-07-16 17:53:28.705 INFO  com.akine.mytrain.member.config.MemberApplication :20   [32m                  [0;39m 地址:	http://127.0.0.1:8001//member/hello
2025-07-16 17:57:13.202 INFO  com.akine.mytrain.member.config.MemberApplication :51   [32m                  [0;39m Starting MemberApplication using Java 17.0.15 with PID 6560 (E:\Project\mytrain\member\target\classes started by 29236 in E:\Project\mytrain)
2025-07-16 17:57:13.204 INFO  com.akine.mytrain.member.config.MemberApplication :633  [32m                  [0;39m No active profile set, falling back to 1 default profile: "default"
2025-07-16 17:57:13.267 INFO  o.s.b.d.env.DevToolsPropertyDefaultsPostProcessor :250  [32m                  [0;39m Devtools property defaults active! Set 'spring.devtools.add-properties' to 'false' to disable
2025-07-16 17:57:13.267 INFO  o.s.b.d.env.DevToolsPropertyDefaultsPostProcessor :250  [32m                  [0;39m For additional web related logging consider setting the 'logging.level.web' property to 'DEBUG'
2025-07-16 17:57:14.037 INFO  o.springframework.cloud.context.scope.GenericScope:282  [32m                  [0;39m BeanFactory id=f6f011fc-650f-3835-98b9-7dec48088414
2025-07-16 17:57:14.977 INFO  o.s.boot.web.embedded.tomcat.TomcatWebServer      :108  [32m                  [0;39m Tomcat initialized with port(s): 8001 (http)
2025-07-16 17:57:14.988 INFO  org.apache.coyote.http11.Http11NioProtocol        :173  [32m                  [0;39m Initializing ProtocolHandler ["http-nio-8001"]
2025-07-16 17:57:14.990 INFO  org.apache.catalina.core.StandardService          :173  [32m                  [0;39m Starting service [Tomcat]
2025-07-16 17:57:14.990 INFO  org.apache.catalina.core.StandardEngine           :173  [32m                  [0;39m Starting Servlet engine: [Apache Tomcat/10.1.16]
2025-07-16 17:57:15.116 INFO  o.a.c.c.C.[Tomcat].[localhost].[/member]          :173  [32m                  [0;39m Initializing Spring embedded WebApplicationContext
2025-07-16 17:57:15.117 INFO  o.s.b.w.s.c.ServletWebServerApplicationContext    :291  [32m                  [0;39m Root WebApplicationContext: initialization completed in 1849 ms
2025-07-16 17:57:15.887 INFO  o.s.b.d.autoconfigure.OptionalLiveReloadServer    :59   [32m                  [0;39m LiveReload server is running on port 35729
2025-07-16 17:57:16.358 INFO  org.apache.coyote.http11.Http11NioProtocol        :173  [32m                  [0;39m Starting ProtocolHandler ["http-nio-8001"]
2025-07-16 17:57:16.387 INFO  o.s.boot.web.embedded.tomcat.TomcatWebServer      :220  [32m                  [0;39m Tomcat started on port(s): 8001 (http) with context path '/member'
2025-07-16 17:57:16.721 INFO  com.akine.mytrain.member.config.MemberApplication :57   [32m                  [0;39m Started MemberApplication in 4.671 seconds (process running for 5.662)
2025-07-16 17:57:16.725 INFO  com.akine.mytrain.member.config.MemberApplication :19   [32m                  [0;39m 启动成功！
2025-07-16 17:57:16.726 INFO  com.akine.mytrain.member.config.MemberApplication :20   [32m                  [0;39m 地址:	http://127.0.0.1:8001//member/hello
